#
# There is insufficient memory for the Java Runtime Environment to continue.
# Native memory allocation (malloc) failed to allocate 32744 bytes for ChunkPool::allocate
# Possible reasons:
#   The system is out of physical RAM or swap space
#   The process is running with CompressedOops enabled, and the Java Heap may be blocking the growth of the native heap
# Possible solutions:
#   Reduce memory load on the system
#   Increase physical memory or swap space
#   Check if swap backing store is full
#   Decrease Java heap size (-Xmx/-Xms)
#   Decrease number of Java threads
#   Decrease Java thread stack sizes (-Xss)
#   Set larger code cache with -XX:ReservedCodeCacheSize=
#   JVM is running with Unscaled Compressed Oops mode in which the Java heap is
#     placed in the first 4GB address space. The Java Heap base address is the
#     maximum limit for the native heap growth. Please use -XX:HeapBaseMinAddress
#     to set the Java Heap base and to place the Java Heap above 4GB virtual address.
# This output file may be truncated or incomplete.
#
#  Out of Memory Error (arena.cpp:78), pid=21968, tid=10792
#
# JRE version: Java(TM) SE Runtime Environment (17.0.6+9) (build 17.0.6+9-LTS-190)
# Java VM: Java HotSpot(TM) 64-Bit Server VM (17.0.6+9-LTS-190, mixed mode, sharing, tiered, compressed oops, compressed class ptrs, g1 gc, windows-amd64)
# No core dump will be written. Minidumps are not enabled by default on client versions of Windows
#

---------------  S U M M A R Y ------------

Command Line: -Dfile.encoding=UTF-8 --module-path=C:\xampp\htdocs\softveri\2019zadatak1\PSProjectServer\build\classes main.Main

Host: Intel(R) Core(TM) i3-7020U CPU @ 2.30GHz, 4 cores, 3G,  Windows 10 , 64 bit Build 19041 (10.0.19041.5915)
Time: Sat Mar 14 02:10:12 2026 Central Europe Standard Time elapsed time: 18.219834 seconds (0d 0h 0m 18s)

---------------  T H R E A D  ---------------

Current thread (0x000001a4c5b59960):  JavaThread "Thread-0" [_thread_in_vm, id=10792, stack(0x0000003f2b200000,0x0000003f2b300000)]

Stack: [0x0000003f2b200000,0x0000003f2b300000]
Native frames: (J=compiled Java code, j=interpreted, Vv=VM code, C=native code)
V  [jvm.dll+0x6734ea]
V  [jvm.dll+0x7d18f4]
V  [jvm.dll+0x7d309e]
V  [jvm.dll+0x7d3703]
V  [jvm.dll+0x2433c5]
V  [jvm.dll+0xaa6c0]
V  [jvm.dll+0xaaa0c]
V  [jvm.dll+0x7410d5]
V  [jvm.dll+0x742993]
V  [jvm.dll+0x1e45c9]
V  [jvm.dll+0x1e31ff]
V  [jvm.dll+0x1e8460]
V  [jvm.dll+0x1de0d1]
V  [jvm.dll+0x5399dc]
V  [jvm.dll+0x1ee9ea]
V  [jvm.dll+0x74ba4d]
V  [jvm.dll+0x74ce33]
V  [jvm.dll+0x74d168]
V  [jvm.dll+0x23b88b]
V  [jvm.dll+0x37a0ae]
C  0x000001a4b848b80d

Java frames: (J=compiled Java code, j=interpreted, Vv=VM code)
j  java.io.ObjectInputStream.<init>(Ljava/io/InputStream;)V+32 java.base@17.0.6
j  komunikacija.Primalac.<init>(Ljava/net/Socket;)V+18
j  niti.ObradaKlijentskihZahteva.<init>(Ljava/net/Socket;)V+32
j  server.Server.run()V+42
v  ~StubRoutines::call_stub

---------------  P R O C E S S  ---------------

Threads class SMR info:
_java_thread_list=0x000001a4c5ba1200, length=17, elements={
0x000001a4c4b49950, 0x000001a4c4b4a7c0, 0x000001a4c4b5eee0, 0x000001a4c4b7f8a0,
0x000001a4c4b80250, 0x000001a4c4b82020, 0x000001a4c4b8e210, 0x000001a4c4b8ecb0,
0x000001a4c4b916b0, 0x000001a4c4c5e840, 0x000001a4c5899360, 0x000001a4c59975e0,
0x000001a4c5a6ff80, 0x000001a4c5a707a0, 0x000001a4c5b00a80, 0x000001a4c5b59490,
0x000001a4c5b59960
}

Java Threads: ( => current thread )
  0x000001a4c4b49950 JavaThread "Reference Handler" daemon [_thread_blocked, id=19064, stack(0x0000003f2a200000,0x0000003f2a300000)]
  0x000001a4c4b4a7c0 JavaThread "Finalizer" daemon [_thread_blocked, id=17180, stack(0x0000003f2a300000,0x0000003f2a400000)]
  0x000001a4c4b5eee0 JavaThread "Signal Dispatcher" daemon [_thread_blocked, id=6048, stack(0x0000003f2a400000,0x0000003f2a500000)]
  0x000001a4c4b7f8a0 JavaThread "Attach Listener" daemon [_thread_blocked, id=19604, stack(0x0000003f2a500000,0x0000003f2a600000)]
  0x000001a4c4b80250 JavaThread "Service Thread" daemon [_thread_blocked, id=448, stack(0x0000003f2a600000,0x0000003f2a700000)]
  0x000001a4c4b82020 JavaThread "Monitor Deflation Thread" daemon [_thread_blocked, id=20272, stack(0x0000003f2a700000,0x0000003f2a800000)]
  0x000001a4c4b8e210 JavaThread "C2 CompilerThread0" daemon [_thread_blocked, id=6176, stack(0x0000003f2a800000,0x0000003f2a900000)]
  0x000001a4c4b8ecb0 JavaThread "C1 CompilerThread0" daemon [_thread_in_native, id=23076, stack(0x0000003f2a900000,0x0000003f2aa00000)]
  0x000001a4c4b916b0 JavaThread "Sweeper thread" daemon [_thread_blocked, id=24272, stack(0x0000003f2aa00000,0x0000003f2ab00000)]
  0x000001a4c4c5e840 JavaThread "Common-Cleaner" daemon [_thread_blocked, id=620, stack(0x0000003f2ab00000,0x0000003f2ac00000)]
  0x000001a4c5899360 JavaThread "Notification Thread" daemon [_thread_blocked, id=24036, stack(0x0000003f2ac00000,0x0000003f2ad00000)]
  0x000001a4c59975e0 JavaThread "Java2D Disposer" daemon [_thread_blocked, id=17056, stack(0x0000003f2ae00000,0x0000003f2af00000)]
  0x000001a4c5a6ff80 JavaThread "AWT-Shutdown" [_thread_blocked, id=19232, stack(0x0000003f2af00000,0x0000003f2b000000)]
  0x000001a4c5a707a0 JavaThread "AWT-Windows" daemon [_thread_in_native, id=13652, stack(0x0000003f2b000000,0x0000003f2b100000)]
  0x000001a4c5b00a80 JavaThread "AWT-EventQueue-0" [_thread_blocked, id=13284, stack(0x0000003f2b100000,0x0000003f2b200000)]
  0x000001a4c5b59490 JavaThread "DestroyJavaVM" [_thread_blocked, id=18632, stack(0x0000003f29b00000,0x0000003f29c00000)]
=>0x000001a4c5b59960 JavaThread "Thread-0" [_thread_in_vm, id=10792, stack(0x0000003f2b200000,0x0000003f2b300000)]

Other Threads:
  0x000001a4c4b44490 VMThread "VM Thread" [stack: 0x0000003f2a100000,0x0000003f2a200000] [id=14920]
  0x000001a4c58ae300 WatcherThread [stack: 0x0000003f2ad00000,0x0000003f2ae00000] [id=12412]
  0x000001a4a7efd900 GCTaskThread "GC Thread#0" [stack: 0x0000003f29c00000,0x0000003f29d00000] [id=1728]
  0x000001a4a7f05640 ConcurrentGCThread "G1 Main Marker" [stack: 0x0000003f29d00000,0x0000003f29e00000] [id=8208]
  0x000001a4a7f067f0 ConcurrentGCThread "G1 Conc#0" [stack: 0x0000003f29e00000,0x0000003f29f00000] [id=24456]
  0x000001a4a7f41ab0 ConcurrentGCThread "G1 Refine#0" [stack: 0x0000003f29f00000,0x0000003f2a000000] [id=16812]
  0x000001a4a7f424d0 ConcurrentGCThread "G1 Service" [stack: 0x0000003f2a000000,0x0000003f2a100000] [id=23400]

Threads with active compile tasks:
C1 CompilerThread0    18298  946       3       java.lang.invoke.DirectMethodHandle::make (275 bytes)

VM state: not at safepoint (normal execution)

VM Mutex/Monitor currently owned by a thread:  ([mutex/lock_event])
[0x000001a4a7ebe840] SymbolArena_lock - owner thread: 0x000001a4c5b59960

Heap address: 0x00000000c9000000, size: 880 MB, Compressed Oops mode: 32-bit

CDS archive(s) mapped at: [0x0000000800000000-0x0000000800bd0000-0x0000000800bd0000), size 12386304, SharedBaseAddress: 0x0000000800000000, ArchiveRelocationMode: 0.
Compressed class space mapped at: 0x0000000800c00000-0x0000000840c00000, reserved size: 1073741824
Narrow klass base: 0x0000000800000000, Narrow klass shift: 0, Narrow klass range: 0x100000000

GC Precious Log:
 CPUs: 4 total, 4 available
 Memory: 3519M
 Large Page Support: Disabled
 NUMA Support: Disabled
 Compressed Oops: Enabled (32-bit)
 Heap Region Size: 1M
 Heap Min Capacity: 8M
 Heap Initial Capacity: 56M
 Heap Max Capacity: 880M
 Pre-touch: Disabled
 Parallel Workers: 4
 Concurrent Workers: 1
 Concurrent Refinement Workers: 4
 Periodic GC: Disabled

Heap:
 garbage-first heap   total 57344K, used 7168K [0x00000000c9000000, 0x0000000100000000)
  region size 1024K, 7 young (7168K), 0 survivors (0K)
 Metaspace       used 7686K, committed 7936K, reserved 1056768K
  class space    used 844K, committed 960K, reserved 1048576K

Heap Regions: E=young(eden), S=young(survivor), O=old, HS=humongous(starts), HC=humongous(continues), CS=collection set, F=free, OA=open archive, CA=closed archive, TAMS=top-at-mark-start (previous, next)
|   0|0x00000000c9000000, 0x00000000c9100000, 0x00000000c9100000|100%|HS|  |TAMS 0x00000000c9000000, 0x00000000c9000000| Complete 
|   1|0x00000000c9100000, 0x00000000c9100000, 0x00000000c9200000|  0%| F|  |TAMS 0x00000000c9100000, 0x00000000c9100000| Untracked 
|   2|0x00000000c9200000, 0x00000000c9200000, 0x00000000c9300000|  0%| F|  |TAMS 0x00000000c9200000, 0x00000000c9200000| Untracked 
|   3|0x00000000c9300000, 0x00000000c9300000, 0x00000000c9400000|  0%| F|  |TAMS 0x00000000c9300000, 0x00000000c9300000| Untracked 
|   4|0x00000000c9400000, 0x00000000c9400000, 0x00000000c9500000|  0%| F|  |TAMS 0x00000000c9400000, 0x00000000c9400000| Untracked 
|   5|0x00000000c9500000, 0x00000000c9500000, 0x00000000c9600000|  0%| F|  |TAMS 0x00000000c9500000, 0x00000000c9500000| Untracked 
|   6|0x00000000c9600000, 0x00000000c9600000, 0x00000000c9700000|  0%| F|  |TAMS 0x00000000c9600000, 0x00000000c9600000| Untracked 
|   7|0x00000000c9700000, 0x00000000c9700000, 0x00000000c9800000|  0%| F|  |TAMS 0x00000000c9700000, 0x00000000c9700000| Untracked 
|   8|0x00000000c9800000, 0x00000000c9800000, 0x00000000c9900000|  0%| F|  |TAMS 0x00000000c9800000, 0x00000000c9800000| Untracked 
|   9|0x00000000c9900000, 0x00000000c9900000, 0x00000000c9a00000|  0%| F|  |TAMS 0x00000000c9900000, 0x00000000c9900000| Untracked 
|  10|0x00000000c9a00000, 0x00000000c9a00000, 0x00000000c9b00000|  0%| F|  |TAMS 0x00000000c9a00000, 0x00000000c9a00000| Untracked 
|  11|0x00000000c9b00000, 0x00000000c9b00000, 0x00000000c9c00000|  0%| F|  |TAMS 0x00000000c9b00000, 0x00000000c9b00000| Untracked 
|  12|0x00000000c9c00000, 0x00000000c9c00000, 0x00000000c9d00000|  0%| F|  |TAMS 0x00000000c9c00000, 0x00000000c9c00000| Untracked 
|  13|0x00000000c9d00000, 0x00000000c9d00000, 0x00000000c9e00000|  0%| F|  |TAMS 0x00000000c9d00000, 0x00000000c9d00000| Untracked 
|  14|0x00000000c9e00000, 0x00000000c9e00000, 0x00000000c9f00000|  0%| F|  |TAMS 0x00000000c9e00000, 0x00000000c9e00000| Untracked 
|  15|0x00000000c9f00000, 0x00000000c9f00000, 0x00000000ca000000|  0%| F|  |TAMS 0x00000000c9f00000, 0x00000000c9f00000| Untracked 
|  16|0x00000000ca000000, 0x00000000ca000000, 0x00000000ca100000|  0%| F|  |TAMS 0x00000000ca000000, 0x00000000ca000000| Untracked 
|  17|0x00000000ca100000, 0x00000000ca100000, 0x00000000ca200000|  0%| F|  |TAMS 0x00000000ca100000, 0x00000000ca100000| Untracked 
|  18|0x00000000ca200000, 0x00000000ca200000, 0x00000000ca300000|  0%| F|  |TAMS 0x00000000ca200000, 0x00000000ca200000| Untracked 
|  19|0x00000000ca300000, 0x00000000ca300000, 0x00000000ca400000|  0%| F|  |TAMS 0x00000000ca300000, 0x00000000ca300000| Untracked 
|  20|0x00000000ca400000, 0x00000000ca400000, 0x00000000ca500000|  0%| F|  |TAMS 0x00000000ca400000, 0x00000000ca400000| Untracked 
|  21|0x00000000ca500000, 0x00000000ca500000, 0x00000000ca600000|  0%| F|  |TAMS 0x00000000ca500000, 0x00000000ca500000| Untracked 
|  22|0x00000000ca600000, 0x00000000ca600000, 0x00000000ca700000|  0%| F|  |TAMS 0x00000000ca600000, 0x00000000ca600000| Untracked 
|  23|0x00000000ca700000, 0x00000000ca700000, 0x00000000ca800000|  0%| F|  |TAMS 0x00000000ca700000, 0x00000000ca700000| Untracked 
|  24|0x00000000ca800000, 0x00000000ca800000, 0x00000000ca900000|  0%| F|  |TAMS 0x00000000ca800000, 0x00000000ca800000| Untracked 
|  25|0x00000000ca900000, 0x00000000ca900000, 0x00000000caa00000|  0%| F|  |TAMS 0x00000000ca900000, 0x00000000ca900000| Untracked 
|  26|0x00000000caa00000, 0x00000000caa00000, 0x00000000cab00000|  0%| F|  |TAMS 0x00000000caa00000, 0x00000000caa00000| Untracked 
|  27|0x00000000cab00000, 0x00000000cab00000, 0x00000000cac00000|  0%| F|  |TAMS 0x00000000cab00000, 0x00000000cab00000| Untracked 
|  28|0x00000000cac00000, 0x00000000cac00000, 0x00000000cad00000|  0%| F|  |TAMS 0x00000000cac00000, 0x00000000cac00000| Untracked 
|  29|0x00000000cad00000, 0x00000000cad00000, 0x00000000cae00000|  0%| F|  |TAMS 0x00000000cad00000, 0x00000000cad00000| Untracked 
|  30|0x00000000cae00000, 0x00000000cae00000, 0x00000000caf00000|  0%| F|  |TAMS 0x00000000cae00000, 0x00000000cae00000| Untracked 
|  31|0x00000000caf00000, 0x00000000caf00000, 0x00000000cb000000|  0%| F|  |TAMS 0x00000000caf00000, 0x00000000caf00000| Untracked 
|  32|0x00000000cb000000, 0x00000000cb000000, 0x00000000cb100000|  0%| F|  |TAMS 0x00000000cb000000, 0x00000000cb000000| Untracked 
|  33|0x00000000cb100000, 0x00000000cb100000, 0x00000000cb200000|  0%| F|  |TAMS 0x00000000cb100000, 0x00000000cb100000| Untracked 
|  34|0x00000000cb200000, 0x00000000cb200000, 0x00000000cb300000|  0%| F|  |TAMS 0x00000000cb200000, 0x00000000cb200000| Untracked 
|  35|0x00000000cb300000, 0x00000000cb300000, 0x00000000cb400000|  0%| F|  |TAMS 0x00000000cb300000, 0x00000000cb300000| Untracked 
|  36|0x00000000cb400000, 0x00000000cb400000, 0x00000000cb500000|  0%| F|  |TAMS 0x00000000cb400000, 0x00000000cb400000| Untracked 
|  37|0x00000000cb500000, 0x00000000cb500000, 0x00000000cb600000|  0%| F|  |TAMS 0x00000000cb500000, 0x00000000cb500000| Untracked 
|  38|0x00000000cb600000, 0x00000000cb600000, 0x00000000cb700000|  0%| F|  |TAMS 0x00000000cb600000, 0x00000000cb600000| Untracked 
|  39|0x00000000cb700000, 0x00000000cb700000, 0x00000000cb800000|  0%| F|  |TAMS 0x00000000cb700000, 0x00000000cb700000| Untracked 
|  40|0x00000000cb800000, 0x00000000cb800000, 0x00000000cb900000|  0%| F|  |TAMS 0x00000000cb800000, 0x00000000cb800000| Untracked 
|  41|0x00000000cb900000, 0x00000000cb900000, 0x00000000cba00000|  0%| F|  |TAMS 0x00000000cb900000, 0x00000000cb900000| Untracked 
|  42|0x00000000cba00000, 0x00000000cba00000, 0x00000000cbb00000|  0%| F|  |TAMS 0x00000000cba00000, 0x00000000cba00000| Untracked 
|  43|0x00000000cbb00000, 0x00000000cbb00000, 0x00000000cbc00000|  0%| F|  |TAMS 0x00000000cbb00000, 0x00000000cbb00000| Untracked 
|  44|0x00000000cbc00000, 0x00000000cbc00000, 0x00000000cbd00000|  0%| F|  |TAMS 0x00000000cbc00000, 0x00000000cbc00000| Untracked 
|  45|0x00000000cbd00000, 0x00000000cbd00000, 0x00000000cbe00000|  0%| F|  |TAMS 0x00000000cbd00000, 0x00000000cbd00000| Untracked 
|  46|0x00000000cbe00000, 0x00000000cbe00000, 0x00000000cbf00000|  0%| F|  |TAMS 0x00000000cbe00000, 0x00000000cbe00000| Untracked 
|  47|0x00000000cbf00000, 0x00000000cbf00000, 0x00000000cc000000|  0%| F|  |TAMS 0x00000000cbf00000, 0x00000000cbf00000| Untracked 
|  48|0x00000000cc000000, 0x00000000cc000000, 0x00000000cc100000|  0%| F|  |TAMS 0x00000000cc000000, 0x00000000cc000000| Untracked 
|  49|0x00000000cc100000, 0x00000000cc1cab30, 0x00000000cc200000| 79%| E|  |TAMS 0x00000000cc100000, 0x00000000cc100000| Complete 
|  50|0x00000000cc200000, 0x00000000cc300000, 0x00000000cc300000|100%| E|CS|TAMS 0x00000000cc200000, 0x00000000cc200000| Complete 
|  51|0x00000000cc300000, 0x00000000cc400000, 0x00000000cc400000|100%| E|CS|TAMS 0x00000000cc300000, 0x00000000cc300000| Complete 
|  52|0x00000000cc400000, 0x00000000cc500000, 0x00000000cc500000|100%| E|CS|TAMS 0x00000000cc400000, 0x00000000cc400000| Complete 
|  53|0x00000000cc500000, 0x00000000cc600000, 0x00000000cc600000|100%| E|CS|TAMS 0x00000000cc500000, 0x00000000cc500000| Complete 
|  54|0x00000000cc600000, 0x00000000cc700000, 0x00000000cc700000|100%| E|CS|TAMS 0x00000000cc600000, 0x00000000cc600000| Complete 
|  55|0x00000000cc700000, 0x00000000cc800000, 0x00000000cc800000|100%| E|CS|TAMS 0x00000000cc700000, 0x00000000cc700000| Complete 

Card table byte_map: [0x000001a4c0720000,0x000001a4c08e0000] _byte_map_base: 0x000001a4c00d8000

Marking Bits (Prev, Next): (CMBitMap*) 0x000001a4a7efdf10, (CMBitMap*) 0x000001a4a7efdf50
 Prev Bits: [0x000001a4c0aa0000, 0x000001a4c1860000)
 Next Bits: [0x000001a4c1860000, 0x000001a4c2620000)

Polling page: 0x000001a4a7cb0000

Metaspace:

Usage:
  Non-class:      6.68 MB used.
      Class:    844.80 KB used.
       Both:      7.51 MB used.

Virtual space:
  Non-class space:        8.00 MB reserved,       6.81 MB ( 85%) committed,  1 nodes.
      Class space:        1.00 GB reserved,     960.00 KB ( <1%) committed,  1 nodes.
             Both:        1.01 GB reserved,       7.75 MB ( <1%) committed. 

Chunk freelists:
   Non-Class:  1004.00 KB
       Class:  3.11 MB
        Both:  4.09 MB

MaxMetaspaceSize: unlimited
CompressedClassSpaceSize: 1.00 GB
Initial GC threshold: 21.00 MB
Current GC threshold: 21.00 MB
CDS: on
MetaspaceReclaimPolicy: balanced
 - commit_granule_bytes: 65536.
 - commit_granule_words: 8192.
 - virtual_space_node_default_size: 1048576.
 - enlarge_chunks_in_place: 1.
 - new_chunks_are_fully_committed: 0.
 - uncommit_free_chunks: 1.
 - use_allocation_guard: 0.
 - handle_deallocations: 1.


Internal statistics:

num_allocs_failed_limit: 0.
num_arena_births: 110.
num_arena_deaths: 0.
num_vsnodes_births: 2.
num_vsnodes_deaths: 0.
num_space_committed: 124.
num_space_uncommitted: 0.
num_chunks_returned_to_freelist: 0.
num_chunks_taken_from_freelist: 158.
num_chunk_merges: 0.
num_chunk_splits: 87.
num_chunks_enlarged: 31.
num_purges: 0.
num_inconsistent_stats: 0.

CodeHeap 'non-profiled nmethods': size=120000Kb used=265Kb max_used=265Kb free=119735Kb
 bounds [0x000001a4b8a10000, 0x000001a4b8c80000, 0x000001a4bff40000]
CodeHeap 'profiled nmethods': size=120000Kb used=1369Kb max_used=1369Kb free=118631Kb
 bounds [0x000001a4b0f40000, 0x000001a4b11b0000, 0x000001a4b8470000]
CodeHeap 'non-nmethods': size=5760Kb used=1257Kb max_used=1272Kb free=4502Kb
 bounds [0x000001a4b8470000, 0x000001a4b86e0000, 0x000001a4b8a10000]
 total_blobs=1527 nmethods=948 adapters=492
 compilation: enabled
              stopped_count=0, restarted_count=0
 full_count=0

Compilation events (20 events):
Event: 4.750 Thread 0x000001a4c4b8ecb0 nmethod 937 0x000001a4b1091b90 code [0x000001a4b1091d20, 0x000001a4b1091e38]
Event: 4.750 Thread 0x000001a4c4b8ecb0  938       3       sun.awt.Win32GraphicsConfig::getDefaultTransform (24 bytes)
Event: 4.750 Thread 0x000001a4c4b8ecb0 nmethod 938 0x000001a4b1091f10 code [0x000001a4b10920c0, 0x000001a4b1092348]
Event: 4.750 Thread 0x000001a4c4b8ecb0  939  s    3       sun.java2d.loops.GraphicsPrimitiveMgr::locatePrim (95 bytes)
Event: 4.752 Thread 0x000001a4c4b8ecb0 nmethod 939 0x000001a4b1092490 code [0x000001a4b10926a0, 0x000001a4b1092f08]
Event: 4.752 Thread 0x000001a4c4b8ecb0  940       3       java.awt.RenderingHints$Key::hashCode (5 bytes)
Event: 4.752 Thread 0x000001a4c4b8ecb0 nmethod 940 0x000001a4b1093310 code [0x000001a4b10934a0, 0x000001a4b10935e8]
Event: 4.752 Thread 0x000001a4c4b8ecb0  941       3       java.lang.String::getChars (54 bytes)
Event: 4.753 Thread 0x000001a4c4b8ecb0 nmethod 941 0x000001a4b1093690 code [0x000001a4b1093880, 0x000001a4b1093cf8]
Event: 18.187 Thread 0x000001a4c4b8ecb0  942       3       java.lang.StringLatin1::indexOf (121 bytes)
Event: 18.188 Thread 0x000001a4c4b8ecb0 nmethod 942 0x000001a4b1093f10 code [0x000001a4b10940e0, 0x000001a4b10945d8]
Event: 18.192 Thread 0x000001a4c4b8ecb0  943       1       java.net.URL::getProtocol (5 bytes)
Event: 18.192 Thread 0x000001a4c4b8ecb0 nmethod 943 0x000001a4b8a51710 code [0x000001a4b8a518a0, 0x000001a4b8a51978]
Event: 18.202 Thread 0x000001a4c4b8ecb0  945       3       java.lang.invoke.MethodType$ConcurrentWeakInternSet::add (66 bytes)
Event: 18.203 Thread 0x000001a4c4b8ecb0 nmethod 945 0x000001a4b1094810 code [0x000001a4b1094a80, 0x000001a4b1095868]
Event: 18.204 Thread 0x000001a4c4b8ecb0  949       3       java.lang.invoke.MethodType$ConcurrentWeakInternSet$WeakEntry::<init> (15 bytes)
Event: 18.204 Thread 0x000001a4c4b8ecb0 nmethod 949 0x000001a4b1095d10 code [0x000001a4b1095ee0, 0x000001a4b10962e8]
Event: 18.204 Thread 0x000001a4c4b8ecb0  946       3       java.lang.invoke.DirectMethodHandle::make (275 bytes)
Event: 18.204 Thread 0x000001a4c4b8e210  951       4       jdk.internal.org.objectweb.asm.ByteVector::putShort (52 bytes)
Event: 18.206 Thread 0x000001a4c4b8e210 nmethod 951 0x000001a4b8a52010 code [0x000001a4b8a52180, 0x000001a4b8a522b8]

GC Heap History (0 events):
No events

Deoptimization events (10 events):
Event: 0.469 Thread 0x000001a4a7ec33d0 Uncommon trap: trap_request=0xffffff45 fr.pc=0x000001a4b8a1e370 relative=0x0000000000000910
Event: 0.469 Thread 0x000001a4a7ec33d0 Uncommon trap: reason=unstable_if action=reinterpret pc=0x000001a4b8a1e370 method=java.util.HashMap.putVal(ILjava/lang/Object;Ljava/lang/Object;ZZ)Ljava/lang/Object; @ 81 c2
Event: 0.469 Thread 0x000001a4a7ec33d0 DEOPT PACKING pc=0x000001a4b8a1e370 sp=0x0000003f29bfe470
Event: 0.469 Thread 0x000001a4a7ec33d0 DEOPT UNPACKING pc=0x000001a4b84c23a3 sp=0x0000003f29bfe410 mode 2
Event: 0.997 Thread 0x000001a4a7ec33d0 Uncommon trap: trap_request=0xffffff45 fr.pc=0x000001a4b8a35cd8 relative=0x0000000000000518
Event: 0.997 Thread 0x000001a4a7ec33d0 Uncommon trap: reason=unstable_if action=reinterpret pc=0x000001a4b8a35cd8 method=java.lang.StringLatin1.replace([BCC)Ljava/lang/String; @ 19 c2
Event: 0.997 Thread 0x000001a4a7ec33d0 DEOPT PACKING pc=0x000001a4b8a35cd8 sp=0x0000003f29bfe550
Event: 0.997 Thread 0x000001a4a7ec33d0 DEOPT UNPACKING pc=0x000001a4b84c23a3 sp=0x0000003f29bfe4d0 mode 2
Event: 1.217 Thread 0x000001a4a7ec33d0 DEOPT PACKING pc=0x000001a4b0f5c3e7 sp=0x0000003f29bfcb30
Event: 1.217 Thread 0x000001a4a7ec33d0 DEOPT UNPACKING pc=0x000001a4b84c2b43 sp=0x0000003f29bfbf50 mode 0

Classes unloaded (0 events):
No events

Classes redefined (0 events):
No events

Internal exceptions (20 events):
Event: 0.388 Thread 0x000001a4a7ec33d0 Exception <a 'sun/nio/fs/WindowsException'{0x00000000cc635670}> (0x00000000cc635670) 
thrown [s\open\src\hotspot\share\prims\jni.cpp, line 516]
Event: 0.390 Thread 0x000001a4a7ec33d0 Exception <a 'sun/nio/fs/WindowsException'{0x00000000cc6360e8}> (0x00000000cc6360e8) 
thrown [s\open\src\hotspot\share\prims\jni.cpp, line 516]
Event: 0.392 Thread 0x000001a4a7ec33d0 Exception <a 'sun/nio/fs/WindowsException'{0x00000000cc636b60}> (0x00000000cc636b60) 
thrown [s\open\src\hotspot\share\prims\jni.cpp, line 516]
Event: 0.394 Thread 0x000001a4a7ec33d0 Exception <a 'sun/nio/fs/WindowsException'{0x00000000cc637610}> (0x00000000cc637610) 
thrown [s\open\src\hotspot\share\prims\jni.cpp, line 516]
Event: 0.395 Thread 0x000001a4a7ec33d0 Exception <a 'sun/nio/fs/WindowsException'{0x00000000cc6380c0}> (0x00000000cc6380c0) 
thrown [s\open\src\hotspot\share\prims\jni.cpp, line 516]
Event: 0.396 Thread 0x000001a4a7ec33d0 Exception <a 'sun/nio/fs/WindowsException'{0x00000000cc638b70}> (0x00000000cc638b70) 
thrown [s\open\src\hotspot\share\prims\jni.cpp, line 516]
Event: 0.398 Thread 0x000001a4a7ec33d0 Exception <a 'sun/nio/fs/WindowsException'{0x00000000cc639600}> (0x00000000cc639600) 
thrown [s\open\src\hotspot\share\prims\jni.cpp, line 516]
Event: 0.547 Thread 0x000001a4a7ec33d0 Exception <a 'java/lang/ClassNotFoundException'{0x00000000cc507828}: sun/awt/resources/spi/awtProvider> (0x00000000cc507828) 
thrown [s\open\src\hotspot\share\classfile\systemDictionary.cpp, line 256]
Event: 0.604 Thread 0x000001a4a7ec33d0 Exception <a 'java/io/FileNotFoundException'{0x00000000cc55ac38}> (0x00000000cc55ac38) 
thrown [s\open\src\hotspot\share\prims\jni.cpp, line 516]
Event: 0.618 Thread 0x000001a4a7ec33d0 Exception <a 'java/io/FileNotFoundException'{0x00000000cc587d80}> (0x00000000cc587d80) 
thrown [s\open\src\hotspot\share\prims\jni.cpp, line 516]
Event: 0.739 Thread 0x000001a4a7ec33d0 Exception <a 'java/lang/NoSuchMethodError'{0x00000000cc5cc5b0}: 'java.lang.Object java.lang.invoke.DirectMethodHandle$Holder.invokeStaticInit(java.lang.Object)'> (0x00000000cc5cc5b0) 
thrown [s\open\src\hotspot\share\interpreter\linkResolver.cpp, line 759]
Event: 0.847 Thread 0x000001a4a7ec33d0 Exception <a 'java/lang/NoSuchMethodError'{0x00000000cc4596c8}: 'void java.lang.invoke.DirectMethodHandle$Holder.invokeSpecial(java.lang.Object, java.lang.Object, java.lang.Object)'> (0x00000000cc4596c8) 
thrown [s\open\src\hotspot\share\interpreter\linkResolver.cpp, line 759]
Event: 0.866 Thread 0x000001a4a7ec33d0 Exception <a 'java/lang/NoSuchMethodError'{0x00000000cc4838a0}: 'java.lang.Object java.lang.invoke.DirectMethodHandle$Holder.newInvokeSpecial(java.lang.Object, java.lang.Object, java.lang.Object, java.lang.Object, java.lang.Object)'> (0x00000000cc4838a0) 
thrown [s\open\src\hotspot\share\interpreter\linkResolver.cpp, line 759]
Event: 0.870 Thread 0x000001a4a7ec33d0 Exception <a 'java/lang/NoSuchMethodError'{0x00000000cc48f738}: 'java.lang.Object java.lang.invoke.DirectMethodHandle$Holder.invokeStatic(java.lang.Object, int, java.lang.Object, java.lang.Object, java.lang.Object, java.lang.Object)'> (0x00000000cc48f738) 
thrown [s\open\src\hotspot\share\interpreter\linkResolver.cpp, line 759]
Event: 0.880 Thread 0x000001a4a7ec33d0 Exception <a 'java/lang/NoSuchMethodError'{0x00000000cc4b4ef8}: 'java.lang.Object java.lang.invoke.DirectMethodHandle$Holder.invokeStatic(java.lang.Object, int, java.lang.Object)'> (0x00000000cc4b4ef8) 
thrown [s\open\src\hotspot\share\interpreter\linkResolver.cpp, line 759]
Event: 0.934 Thread 0x000001a4a7ec33d0 Exception <a 'java/lang/ClassNotFoundException'{0x00000000cc36ddd0}: com/sun/swing/internal/plaf/metal/resources/spi/metalProvider> (0x00000000cc36ddd0) 
thrown [s\open\src\hotspot\share\classfile\systemDictionary.cpp, line 256]
Event: 0.937 Thread 0x000001a4a7ec33d0 Exception <a 'java/lang/ClassNotFoundException'{0x00000000cc371c28}: com/sun/swing/internal/plaf/basic/resources/spi/basicProvider> (0x00000000cc371c28) 
thrown [s\open\src\hotspot\share\classfile\systemDictionary.cpp, line 256]
Event: 1.054 Thread 0x000001a4c5a707a0 Exception <a 'java/lang/NoSuchMethodError'{0x00000000cc41d410}: 'void java.lang.invoke.DirectMethodHandle$Holder.invokeVirtual(java.lang.Object, java.lang.Object)'> (0x00000000cc41d410) 
thrown [s\open\src\hotspot\share\interpreter\linkResolver.cpp, line 759]
Event: 1.104 Thread 0x000001a4a7ec33d0 Exception <a 'java/lang/NoSuchMethodError'{0x00000000cc2013c0}: 'void java.lang.invoke.DirectMethodHandle$Holder.invokeStaticInit(java.lang.Object)'> (0x00000000cc2013c0) 
thrown [s\open\src\hotspot\share\interpreter\linkResolver.cpp, line 759]
Event: 2.410 Thread 0x000001a4c5b59960 Exception <a 'java/lang/NoSuchMethodError'{0x00000000cc1941a8}: 'void java.lang.invoke.DirectMethodHandle$Holder.invokeStatic(java.lang.Object, java.lang.Object)'> (0x00000000cc1941a8) 
thrown [s\open\src\hotspot\share\interpreter\linkResolver.cpp, line 759]

VM Operations (16 events):
Event: 0.403 Executing VM operation: HandshakeAllThreads
Event: 0.403 Executing VM operation: HandshakeAllThreads done
Event: 0.964 Executing VM operation: HandshakeAllThreads
Event: 0.964 Executing VM operation: HandshakeAllThreads done
Event: 1.202 Executing VM operation: HandshakeAllThreads
Event: 1.202 Executing VM operation: HandshakeAllThreads done
Event: 1.202 Executing VM operation: Cleanup
Event: 1.202 Executing VM operation: Cleanup done
Event: 1.366 Executing VM operation: HandshakeAllThreads
Event: 1.366 Executing VM operation: HandshakeAllThreads done
Event: 2.377 Executing VM operation: Cleanup
Event: 2.377 Executing VM operation: Cleanup done
Event: 2.401 Executing VM operation: HandshakeAllThreads
Event: 2.401 Executing VM operation: HandshakeAllThreads done
Event: 3.416 Executing VM operation: Cleanup
Event: 3.416 Executing VM operation: Cleanup done

Events (20 events):
Event: 18.201 loading class java/net/SocketException done
Event: 18.201 loading class java/io/EOFException
Event: 18.201 loading class java/io/EOFException done
Event: 18.201 loading class java/io/ObjectInputStream
Event: 18.202 loading class java/io/ObjectInput
Event: 18.202 loading class java/io/ObjectInput done
Event: 18.202 loading class java/io/ObjectInputStream done
Event: 18.202 loading class jdk/internal/access/JavaObjectInputStreamAccess
Event: 18.202 loading class jdk/internal/access/JavaObjectInputStreamAccess done
Event: 18.204 loading class jdk/internal/access/JavaObjectInputStreamReadString
Event: 18.204 loading class jdk/internal/access/JavaObjectInputStreamReadString done
Event: 18.204 loading class java/net/Socket$SocketInputStream
Event: 18.204 loading class java/net/Socket$SocketInputStream done
Event: 18.204 loading class sun/nio/ch/NioSocketImpl$1
Event: 18.204 loading class sun/nio/ch/NioSocketImpl$1 done
Event: 18.204 loading class java/io/ObjectInputStream$BlockDataInputStream
Event: 18.205 loading class java/io/ObjectInputStream$BlockDataInputStream done
Event: 18.205 loading class java/io/ObjectInputStream$PeekInputStream
Event: 18.205 loading class java/io/ObjectInputStream$PeekInputStream done
Event: 18.205 loading class java/io/ObjectInputStream$HandleTable


Dynamic libraries:
0x00007ff7be6e0000 - 0x00007ff7be6f0000 	C:\Program Files\Java\jdk-17\bin\java.exe
0x00007fff98290000 - 0x00007fff98488000 	C:\Windows\SYSTEM32\ntdll.dll
0x00007fff97b90000 - 0x00007fff97c52000 	C:\Windows\System32\KERNEL32.DLL
0x00007fff95a80000 - 0x00007fff95d76000 	C:\Windows\System32\KERNELBASE.dll
0x00007fff96130000 - 0x00007fff96230000 	C:\Windows\System32\ucrtbase.dll
0x00007fff8a490000 - 0x00007fff8a4a8000 	C:\Program Files\Java\jdk-17\bin\jli.dll
0x00007fff8e740000 - 0x00007fff8e75b000 	C:\Program Files\Java\jdk-17\bin\VCRUNTIME140.dll
0x00007fff962b0000 - 0x00007fff96361000 	C:\Windows\System32\ADVAPI32.dll
0x00007fff96810000 - 0x00007fff968ae000 	C:\Windows\System32\msvcrt.dll
0x00007fff977b0000 - 0x00007fff9784f000 	C:\Windows\System32\sechost.dll
0x00007fff974e0000 - 0x00007fff97600000 	C:\Windows\System32\RPCRT4.dll
0x00007fff95eb0000 - 0x00007fff95ed7000 	C:\Windows\System32\bcrypt.dll
0x00007fff97600000 - 0x00007fff977a1000 	C:\Windows\System32\USER32.dll
0x00007fff95ee0000 - 0x00007fff95f02000 	C:\Windows\System32\win32u.dll
0x00007fff97080000 - 0x00007fff970ab000 	C:\Windows\System32\GDI32.dll
0x00007fff95f10000 - 0x00007fff96029000 	C:\Windows\System32\gdi32full.dll
0x00007fff95e10000 - 0x00007fff95ead000 	C:\Windows\System32\msvcp_win.dll
0x00007fff82150000 - 0x00007fff823eb000 	C:\Windows\WinSxS\amd64_microsoft.windows.common-controls_6595b64144ccf1df_6.0.19041.6456_none_60b8a6cb71f64256\COMCTL32.dll
0x00007fff8e130000 - 0x00007fff8e13a000 	C:\Windows\SYSTEM32\VERSION.dll
0x00007fff96460000 - 0x00007fff9648f000 	C:\Windows\System32\IMM32.DLL
0x00007fff90210000 - 0x00007fff9021c000 	C:\Program Files\Java\jdk-17\bin\vcruntime140_1.dll
0x00007fff5c640000 - 0x00007fff5c6ce000 	C:\Program Files\Java\jdk-17\bin\msvcp140.dll
0x00007fff392c0000 - 0x00007fff39e97000 	C:\Program Files\Java\jdk-17\bin\server\jvm.dll
0x00007fff97850000 - 0x00007fff97858000 	C:\Windows\System32\PSAPI.DLL
0x00007fff82c40000 - 0x00007fff82c49000 	C:\Windows\SYSTEM32\WSOCK32.dll
0x00007fff981e0000 - 0x00007fff9824b000 	C:\Windows\System32\WS2_32.dll
0x00007fff829c0000 - 0x00007fff829e7000 	C:\Windows\SYSTEM32\WINMM.dll
0x00007fff93970000 - 0x00007fff93982000 	C:\Windows\SYSTEM32\kernel.appcore.dll
0x00007fff8ee70000 - 0x00007fff8ee7a000 	C:\Program Files\Java\jdk-17\bin\jimage.dll
0x00007fff934d0000 - 0x00007fff936d1000 	C:\Windows\SYSTEM32\DBGHELP.DLL
0x00007fff7f240000 - 0x00007fff7f274000 	C:\Windows\SYSTEM32\dbgcore.DLL
0x00007fff95d80000 - 0x00007fff95e02000 	C:\Windows\System32\bcryptPrimitives.dll
0x00007fff89400000 - 0x00007fff89425000 	C:\Program Files\Java\jdk-17\bin\java.dll
0x00007fff43480000 - 0x00007fff43557000 	C:\Program Files\Java\jdk-17\bin\jsvml.dll
0x00007fff96910000 - 0x00007fff97080000 	C:\Windows\System32\SHELL32.dll
0x00007fff93990000 - 0x00007fff94135000 	C:\Windows\SYSTEM32\windows.storage.dll
0x00007fff970b0000 - 0x00007fff97404000 	C:\Windows\System32\combase.dll
0x00007fff95350000 - 0x00007fff9537b000 	C:\Windows\SYSTEM32\Wldp.dll
0x00007fff97a10000 - 0x00007fff97add000 	C:\Windows\System32\OLEAUT32.dll
0x00007fff98130000 - 0x00007fff981dd000 	C:\Windows\System32\SHCORE.dll
0x00007fff97c60000 - 0x00007fff97cbb000 	C:\Windows\System32\shlwapi.dll
0x00007fff95850000 - 0x00007fff95874000 	C:\Windows\SYSTEM32\profapi.dll
0x00007fff8a440000 - 0x00007fff8a459000 	C:\Program Files\Java\jdk-17\bin\net.dll
0x00007fff8bb00000 - 0x00007fff8bc0a000 	C:\Windows\SYSTEM32\WINHTTP.dll
0x00007fff950b0000 - 0x00007fff9511a000 	C:\Windows\system32\mswsock.dll
0x00007fff88830000 - 0x00007fff88846000 	C:\Program Files\Java\jdk-17\bin\nio.dll
0x00007fff887b0000 - 0x00007fff887c8000 	C:\Program Files\Java\jdk-17\bin\zip.dll
0x00007fff42340000 - 0x00007fff424d1000 	C:\Program Files\Java\jdk-17\bin\awt.dll
0x00007fff90150000 - 0x00007fff901e4000 	C:\Windows\SYSTEM32\apphelp.dll
0x00007fff93270000 - 0x00007fff9329e000 	C:\Windows\system32\DWMAPI.DLL
0x00007fff924e0000 - 0x00007fff9257e000 	C:\Windows\system32\uxtheme.dll
0x00007fff42210000 - 0x00007fff42338000 	C:\Windows\system32\opengl32.dll
0x00007fff86af0000 - 0x00007fff86b1c000 	C:\Windows\SYSTEM32\GLU32.dll
0x00007fff96650000 - 0x00007fff96765000 	C:\Windows\System32\MSCTF.dll
0x00007fff96520000 - 0x00007fff9664b000 	C:\Windows\System32\ole32.dll
0x00007fff45e70000 - 0x00007fff45ef6000 	C:\Program Files\Java\jdk-17\bin\freetype.dll
0x00007fff42ac0000 - 0x00007fff42b85000 	C:\Program Files\Java\jdk-17\bin\fontmanager.dll
0x00007fff869b0000 - 0x00007fff86aa9000 	C:\Windows\SYSTEM32\textinputframework.dll
0x00007fff91160000 - 0x00007fff91252000 	C:\Windows\System32\CoreMessaging.dll
0x00007fff8f9b0000 - 0x00007fff8fd0b000 	C:\Windows\System32\CoreUIComponents.dll
0x00007fff91850000 - 0x00007fff919a7000 	C:\Windows\SYSTEM32\wintypes.dll
0x00007fff94bb0000 - 0x00007fff94be3000 	C:\Windows\SYSTEM32\ntmarta.dll
0x00007fff97ae0000 - 0x00007fff97b89000 	C:\Windows\System32\clbcatq.dll

dbghelp: loaded successfully - version: 4.0.5 - missing functions: none
symbol engine: initialized successfully - sym options: 0x614 - pdb path: .;C:\Program Files\Java\jdk-17\bin;C:\Windows\SYSTEM32;C:\Windows\WinSxS\amd64_microsoft.windows.common-controls_6595b64144ccf1df_6.0.19041.6456_none_60b8a6cb71f64256;C:\Program Files\Java\jdk-17\bin\server

VM Arguments:
jvm_args: -Dfile.encoding=UTF-8 --module-path=C:\xampp\htdocs\softveri\2019zadatak1\PSProjectServer\build\classes 
java_command: main.Main
java_class_path (initial): C:\Users\Lenovo\Desktop\softveri\mysql-connector-java-8.0.21\mysql-connector-java-8.0.21.jar;C:\xampp\htdocs\softveri\2019zadatak1\PSProjectCommon\build\classes;C:\xampp\htdocs\softveri\2019zadatak1\PSProjectServer\build\classes
Launcher Type: SUN_STANDARD

[Global flags]
     intx CICompilerCount                          = 3                                         {product} {ergonomic}
     uint ConcGCThreads                            = 1                                         {product} {ergonomic}
     uint G1ConcRefinementThreads                  = 4                                         {product} {ergonomic}
   size_t G1HeapRegionSize                         = 1048576                                   {product} {ergonomic}
    uintx GCDrainStackTargetSize                   = 64                                        {product} {ergonomic}
   size_t InitialHeapSize                          = 58720256                                  {product} {ergonomic}
   size_t MarkStackSize                            = 4194304                                   {product} {ergonomic}
   size_t MaxHeapSize                              = 922746880                                 {product} {ergonomic}
   size_t MaxNewSize                               = 553648128                                 {product} {ergonomic}
   size_t MinHeapDeltaBytes                        = 1048576                                   {product} {ergonomic}
   size_t MinHeapSize                              = 8388608                                   {product} {ergonomic}
    uintx NonNMethodCodeHeapSize                   = 5832780                                {pd product} {ergonomic}
    uintx NonProfiledCodeHeapSize                  = 122912730                              {pd product} {ergonomic}
    uintx ProfiledCodeHeapSize                     = 122912730                              {pd product} {ergonomic}
    uintx ReservedCodeCacheSize                    = 251658240                              {pd product} {ergonomic}
     bool SegmentedCodeCache                       = true                                      {product} {ergonomic}
   size_t SoftMaxHeapSize                          = 922746880                              {manageable} {ergonomic}
     bool UseCompressedClassPointers               = true                           {product lp64_product} {ergonomic}
     bool UseCompressedOops                        = true                           {product lp64_product} {ergonomic}
     bool UseG1GC                                  = true                                      {product} {ergonomic}
     bool UseLargePagesIndividualAllocation        = false                                  {pd product} {ergonomic}

Logging:
Log output configuration:
 #0: stdout all=warning uptime,level,tags
 #1: stderr all=off uptime,level,tags

Environment Variables:
PATH=C:\Program Files\Common Files\Oracle\Java\javapath;C:\Program Files (x86)\Common Files\Oracle\Java\javapath;C:\Windows\system32;C:\Windows;C:\Windows\System32\Wbem;C:\Windows\System32\WindowsPowerShell\v1.0\;C:\Windows\System32\OpenSSH\;C:\Program Files\MATLAB\R2019b\bin;C:\Program Files\Git\cmd;C:\Program Files\dotnet\;C:\Program Files\nodejs\;C:\Program Files\MySQL\MySQL Shell 8.0\bin\;C:\Users\Lenovo\AppData\Local\Microsoft\WindowsApps;;C:\Users\Lenovo\AppData\Local\Programs\Microsoft VS Code\bin;C:\Users\Lenovo\.dotnet\tools;C:\Users\Lenovo\AppData\Roaming\npm;C:\xampp\php;C:\Users\Lenovo\composer;C:\Users\Lenovo\AppData\Roaming\Composer\vendor\bin
USERNAME=Lenovo
OS=Windows_NT
PROCESSOR_IDENTIFIER=Intel64 Family 6 Model 142 Stepping 10, GenuineIntel



---------------  S Y S T E M  ---------------

OS:
 Windows 10 , 64 bit Build 19041 (10.0.19041.5915)
OS uptime: 80 days 15:14 hours

CPU: total 4 (initial active 4) (2 cores per cpu, 2 threads per core) family 6 model 142 stepping 10 microcode 0xb4, cx8, cmov, fxsr, ht, mmx, 3dnowpref, sse, sse2, sse3, ssse3, sse4.1, sse4.2, popcnt, lzcnt, tsc, tscinvbit, avx, avx2, aes, erms, clmul, bmi1, bmi2, adx, fma, vzeroupper, clflush, clflushopt

Memory: 4k page, system-wide physical 3519M (192M free)
TotalPageFile size 14271M (AvailPageFile size 0M)
current process WorkingSet (physical memory assigned to process): 36M, peak: 56M
current process commit charge ("private bytes"): 138M, peak: 138M

vm_info: Java HotSpot(TM) 64-Bit Server VM (17.0.6+9-LTS-190) for windows-amd64 JRE (17.0.6+9-LTS-190), built on Dec  6 2022 15:53:54 by "mach5one" with MS VC++ 17.1 (VS2022)

END.
