#
# There is insufficient memory for the Java Runtime Environment to continue.
# Native memory allocation (mmap) failed to map 65536 bytes for Failed to commit metaspace.
# Possible reasons:
#   The system is out of physical RAM or swap space
#   The process is running with CompressedOops enabled, and the Java Heap may be blocking the growth of the native heap
# Possible solutions:
#   Reduce memory load on the system
#   Increase physical memory or swap space
#   Check if swap backing store is full
#   Decrease Java heap size (-Xmx/-Xms)
#   Decrease number of Java threads
#   Decrease Java thread stack sizes (-Xss)
#   Set larger code cache with -XX:ReservedCodeCacheSize=
#   JVM is running with Unscaled Compressed Oops mode in which the Java heap is
#     placed in the first 4GB address space. The Java Heap base address is the
#     maximum limit for the native heap growth. Please use -XX:HeapBaseMinAddress
#     to set the Java Heap base and to place the Java Heap above 4GB virtual address.
# This output file may be truncated or incomplete.
#
#  Out of Memory Error (virtualSpaceNode.cpp:110), pid=7180, tid=14888
#
# JRE version: Java(TM) SE Runtime Environment (17.0.6+9) (build 17.0.6+9-LTS-190)
# Java VM: Java HotSpot(TM) 64-Bit Server VM (17.0.6+9-LTS-190, mixed mode, sharing, tiered, compressed oops, compressed class ptrs, g1 gc, windows-amd64)
# No core dump will be written. Minidumps are not enabled by default on client versions of Windows
#

---------------  S U M M A R Y ------------

Command Line: -Dfile.encoding=UTF-8 --module-path=C:\xampp\htdocs\softveri\2019zadatak1\PSProjectClient\build\classes main.Main

Host: Intel(R) Core(TM) i3-7020U CPU @ 2.30GHz, 4 cores, 3G,  Windows 10 , 64 bit Build 19041 (10.0.19041.5915)
Time: Sat Mar 14 02:10:12 2026 Central Europe Standard Time elapsed time: 11.656163 seconds (0d 0h 0m 11s)

---------------  T H R E A D  ---------------

Current thread (0x0000017f7aef6050):  JavaThread "AWT-EventQueue-0" [_thread_in_vm, id=14888, stack(0x0000005e64b00000,0x0000005e64c00000)]

Stack: [0x0000005e64b00000,0x0000005e64c00000]
Native frames: (J=compiled Java code, j=interpreted, Vv=VM code, C=native code)
V  [jvm.dll+0x6734ea]
V  [jvm.dll+0x7d18f4]
V  [jvm.dll+0x7d309e]
V  [jvm.dll+0x7d3703]
V  [jvm.dll+0x2433c5]
V  [jvm.dll+0x7cd9fb]
V  [jvm.dll+0x619546]
V  [jvm.dll+0x6195aa]
V  [jvm.dll+0x61bdcd]
V  [jvm.dll+0x619f06]
V  [jvm.dll+0x237b0f]
V  [jvm.dll+0x623bc5]
V  [jvm.dll+0x1e79bd]
V  [jvm.dll+0x1e7f85]
V  [jvm.dll+0x1e88cb]
V  [jvm.dll+0x1de0d1]
V  [jvm.dll+0x5399dc]
V  [jvm.dll+0x1ee9ea]
V  [jvm.dll+0x74ba4d]
V  [jvm.dll+0x74ce33]
V  [jvm.dll+0x74d168]
V  [jvm.dll+0x23b88b]
V  [jvm.dll+0x37d523]
C  0x0000017f0754be2e

Java frames: (J=compiled Java code, j=interpreted, Vv=VM code)
j  java.io.ObjectOutputStream.writeObject0(Ljava/lang/Object;Z)V+138 java.base@17.0.6
j  java.io.ObjectOutputStream.writeObject(Ljava/lang/Object;)V+16 java.base@17.0.6
j  komunikacija.Posiljalac.posalji(Ljava/lang/Object;)V+12
j  komunikacija.Komunikacija.login(Ljava/lang/String;Ljava/lang/String;)Ldomain/Zakupodavac;+37
j  controller.LoginController.login()V+39
j  controller.LoginController.lambda$addActionListener$0(Ljava/awt/event/ActionEvent;)V+1
j  controller.LoginController$$Lambda$138+0x0000000800c0d510.actionPerformed(Ljava/awt/event/ActionEvent;)V+5
j  javax.swing.AbstractButton.fireActionPerformed(Ljava/awt/event/ActionEvent;)V+84 java.desktop@17.0.6
j  javax.swing.AbstractButton$Handler.actionPerformed(Ljava/awt/event/ActionEvent;)V+5 java.desktop@17.0.6
j  javax.swing.DefaultButtonModel.fireActionPerformed(Ljava/awt/event/ActionEvent;)V+34 java.desktop@17.0.6
j  javax.swing.DefaultButtonModel.setPressed(Z)V+117 java.desktop@17.0.6
j  javax.swing.plaf.basic.BasicButtonListener.mouseReleased(Ljava/awt/event/MouseEvent;)V+35 java.desktop@17.0.6
j  java.awt.Component.processMouseEvent(Ljava/awt/event/MouseEvent;)V+64 java.desktop@17.0.6
j  javax.swing.JComponent.processMouseEvent(Ljava/awt/event/MouseEvent;)V+23 java.desktop@17.0.6
j  java.awt.Component.processEvent(Ljava/awt/AWTEvent;)V+81 java.desktop@17.0.6
j  java.awt.Container.processEvent(Ljava/awt/AWTEvent;)V+18 java.desktop@17.0.6
j  java.awt.Component.dispatchEventImpl(Ljava/awt/AWTEvent;)V+496 java.desktop@17.0.6
J 1052 c1 java.awt.Container.dispatchEventImpl(Ljava/awt/AWTEvent;)V java.desktop@17.0.6 (129 bytes) @ 0x0000017f001870fc [0x0000017f00186fc0+0x000000000000013c]
J 1051 c1 java.awt.Component.dispatchEvent(Ljava/awt/AWTEvent;)V java.desktop@17.0.6 (6 bytes) @ 0x0000017f00186c3c [0x0000017f00186b40+0x00000000000000fc]
j  java.awt.LightweightDispatcher.retargetMouseEvent(Ljava/awt/Component;ILjava/awt/event/MouseEvent;)V+349 java.desktop@17.0.6
j  java.awt.LightweightDispatcher.processMouseEvent(Ljava/awt/event/MouseEvent;)Z+155 java.desktop@17.0.6
j  java.awt.LightweightDispatcher.dispatchEvent(Ljava/awt/AWTEvent;)Z+50 java.desktop@17.0.6
J 1052 c1 java.awt.Container.dispatchEventImpl(Ljava/awt/AWTEvent;)V java.desktop@17.0.6 (129 bytes) @ 0x0000017f0018709c [0x0000017f00186fc0+0x00000000000000dc]
j  java.awt.Window.dispatchEventImpl(Ljava/awt/AWTEvent;)V+19 java.desktop@17.0.6
J 1051 c1 java.awt.Component.dispatchEvent(Ljava/awt/AWTEvent;)V java.desktop@17.0.6 (6 bytes) @ 0x0000017f00186c3c [0x0000017f00186b40+0x00000000000000fc]
j  java.awt.EventQueue.dispatchEventImpl(Ljava/awt/AWTEvent;Ljava/lang/Object;)V+41 java.desktop@17.0.6
j  java.awt.EventQueue$4.run()Ljava/lang/Void;+32 java.desktop@17.0.6
j  java.awt.EventQueue$4.run()Ljava/lang/Object;+1 java.desktop@17.0.6
J 920 c1 java.security.ProtectionDomain$JavaSecurityAccessImpl.doIntersectionPrivilege(Ljava/security/PrivilegedAction;Ljava/security/AccessControlContext;Ljava/security/AccessControlContext;)Ljava/lang/Object; java.base@17.0.6 (22 bytes) @ 0x0000017f001439b4 [0x0000017f00143720+0x0000000000000294]
J 1026 c1 java.awt.EventQueue.dispatchEvent(Ljava/awt/AWTEvent;)V java.desktop@17.0.6 (80 bytes) @ 0x0000017f0017583c [0x0000017f00174d60+0x0000000000000adc]
J 1029 c1 java.awt.EventDispatchThread.pumpOneEventForFilters(I)V java.desktop@17.0.6 (113 bytes) @ 0x0000017f00178324 [0x0000017f00177ca0+0x0000000000000684]
j  java.awt.EventDispatchThread.pumpEventsForFilter(ILjava/awt/Conditional;Ljava/awt/EventFilter;)V+35 java.desktop@17.0.6
j  java.awt.EventDispatchThread.pumpEventsForHierarchy(ILjava/awt/Conditional;Ljava/awt/Component;)V+11 java.desktop@17.0.6
j  java.awt.EventDispatchThread.pumpEvents(ILjava/awt/Conditional;)V+4 java.desktop@17.0.6
j  java.awt.EventDispatchThread.pumpEvents(Ljava/awt/Conditional;)V+3 java.desktop@17.0.6
j  java.awt.EventDispatchThread.run()V+9 java.desktop@17.0.6
v  ~StubRoutines::call_stub

---------------  P R O C E S S  ---------------

Threads class SMR info:
_java_thread_list=0x0000017f7ace6350, length=17, elements={
0x0000017f7a1391a0, 0x0000017f7a139d20, 0x0000017f7a14d800, 0x0000017f7a14e8d0,
0x0000017f7a14f190, 0x0000017f7a14fa50, 0x0000017f7a150f00, 0x0000017f7a1bbf40,
0x0000017f7a1c13b0, 0x0000017f7ac08070, 0x0000017f7acb3de0, 0x0000017f7ae4af20,
0x0000017f7ae4f0f0, 0x0000017f7aef4360, 0x0000017f7aef6050, 0x0000017f6c36e9e0,
0x0000017f7afca7a0
}

Java Threads: ( => current thread )
  0x0000017f7a1391a0 JavaThread "Reference Handler" daemon [_thread_blocked, id=18824, stack(0x0000005e63c00000,0x0000005e63d00000)]
  0x0000017f7a139d20 JavaThread "Finalizer" daemon [_thread_blocked, id=5860, stack(0x0000005e63d00000,0x0000005e63e00000)]
  0x0000017f7a14d800 JavaThread "Signal Dispatcher" daemon [_thread_blocked, id=23176, stack(0x0000005e63e00000,0x0000005e63f00000)]
  0x0000017f7a14e8d0 JavaThread "Attach Listener" daemon [_thread_blocked, id=13936, stack(0x0000005e63f00000,0x0000005e64000000)]
  0x0000017f7a14f190 JavaThread "Service Thread" daemon [_thread_blocked, id=15400, stack(0x0000005e64000000,0x0000005e64100000)]
  0x0000017f7a14fa50 JavaThread "Monitor Deflation Thread" daemon [_thread_blocked, id=21468, stack(0x0000005e64100000,0x0000005e64200000)]
  0x0000017f7a150f00 JavaThread "C2 CompilerThread0" daemon [_thread_blocked, id=9940, stack(0x0000005e64200000,0x0000005e64300000)]
  0x0000017f7a1bbf40 JavaThread "C1 CompilerThread0" daemon [_thread_blocked, id=9764, stack(0x0000005e64300000,0x0000005e64400000)]
  0x0000017f7a1c13b0 JavaThread "Sweeper thread" daemon [_thread_blocked, id=7788, stack(0x0000005e64400000,0x0000005e64500000)]
  0x0000017f7ac08070 JavaThread "Common-Cleaner" daemon [_thread_blocked, id=2824, stack(0x0000005e64500000,0x0000005e64600000)]
  0x0000017f7acb3de0 JavaThread "Notification Thread" daemon [_thread_blocked, id=15232, stack(0x0000005e64600000,0x0000005e64700000)]
  0x0000017f7ae4af20 JavaThread "Java2D Disposer" daemon [_thread_blocked, id=16460, stack(0x0000005e64800000,0x0000005e64900000)]
  0x0000017f7ae4f0f0 JavaThread "AWT-Windows" daemon [_thread_in_native, id=10840, stack(0x0000005e64a00000,0x0000005e64b00000)]
  0x0000017f7aef4360 JavaThread "AWT-Shutdown" [_thread_blocked, id=23312, stack(0x0000005e64900000,0x0000005e64a00000)]
=>0x0000017f7aef6050 JavaThread "AWT-EventQueue-0" [_thread_in_vm, id=14888, stack(0x0000005e64b00000,0x0000005e64c00000)]
  0x0000017f6c36e9e0 JavaThread "DestroyJavaVM" [_thread_blocked, id=1576, stack(0x0000005e63500000,0x0000005e63600000)]
  0x0000017f7afca7a0 JavaThread "TimerQueue" daemon [_thread_blocked, id=4092, stack(0x0000005e64f00000,0x0000005e65000000)]

Other Threads:
  0x0000017f7a133730 VMThread "VM Thread" [stack: 0x0000005e63b00000,0x0000005e63c00000] [id=17416]
  0x0000017f7acb42b0 WatcherThread [stack: 0x0000005e64700000,0x0000005e64800000] [id=5196]
  0x0000017f6c4dd070 GCTaskThread "GC Thread#0" [stack: 0x0000005e63600000,0x0000005e63700000] [id=21456]
  0x0000017f6c4e5bd0 ConcurrentGCThread "G1 Main Marker" [stack: 0x0000005e63700000,0x0000005e63800000] [id=24336]
  0x0000017f6c4e63f0 ConcurrentGCThread "G1 Conc#0" [stack: 0x0000005e63800000,0x0000005e63900000] [id=19180]
  0x0000017f6c522e40 ConcurrentGCThread "G1 Refine#0" [stack: 0x0000005e63900000,0x0000005e63a00000] [id=16168]
  0x0000017f6c523670 ConcurrentGCThread "G1 Service" [stack: 0x0000005e63a00000,0x0000005e63b00000] [id=20556]

Threads with active compile tasks:

VM state: not at safepoint (normal execution)

VM Mutex/Monitor currently owned by a thread:  ([mutex/lock_event])
[0x0000017f6c36d940] Metaspace_lock - owner thread: 0x0000017f7aef6050

Heap address: 0x00000000c9000000, size: 880 MB, Compressed Oops mode: 32-bit

CDS archive(s) mapped at: [0x0000000800000000-0x0000000800bd0000-0x0000000800bd0000), size 12386304, SharedBaseAddress: 0x0000000800000000, ArchiveRelocationMode: 0.
Compressed class space mapped at: 0x0000000800c00000-0x0000000840c00000, reserved size: 1073741824
Narrow klass base: 0x0000000800000000, Narrow klass shift: 0, Narrow klass range: 0x100000000

GC Precious Log:
 CPUs: 4 total, 4 available
 Memory: 3519M
 Large Page Support: Disabled
 NUMA Support: Disabled
 Compressed Oops: Enabled (32-bit)
 Heap Region Size: 1M
 Heap Min Capacity: 8M
 Heap Initial Capacity: 56M
 Heap Max Capacity: 880M
 Pre-touch: Disabled
 Parallel Workers: 4
 Concurrent Workers: 1
 Concurrent Refinement Workers: 4
 Periodic GC: Disabled

Heap:
 garbage-first heap   total 57344K, used 7168K [0x00000000c9000000, 0x0000000100000000)
  region size 1024K, 8 young (8192K), 0 survivors (0K)
 Metaspace       used 8672K, committed 8768K, reserved 1064960K
  class space    used 988K, committed 1024K, reserved 1048576K

Heap Regions: E=young(eden), S=young(survivor), O=old, HS=humongous(starts), HC=humongous(continues), CS=collection set, F=free, OA=open archive, CA=closed archive, TAMS=top-at-mark-start (previous, next)
|   0|0x00000000c9000000, 0x00000000c9000000, 0x00000000c9100000|  0%| F|  |TAMS 0x00000000c9000000, 0x00000000c9000000| Untracked 
|   1|0x00000000c9100000, 0x00000000c9100000, 0x00000000c9200000|  0%| F|  |TAMS 0x00000000c9100000, 0x00000000c9100000| Untracked 
|   2|0x00000000c9200000, 0x00000000c9200000, 0x00000000c9300000|  0%| F|  |TAMS 0x00000000c9200000, 0x00000000c9200000| Untracked 
|   3|0x00000000c9300000, 0x00000000c9300000, 0x00000000c9400000|  0%| F|  |TAMS 0x00000000c9300000, 0x00000000c9300000| Untracked 
|   4|0x00000000c9400000, 0x00000000c9400000, 0x00000000c9500000|  0%| F|  |TAMS 0x00000000c9400000, 0x00000000c9400000| Untracked 
|   5|0x00000000c9500000, 0x00000000c9500000, 0x00000000c9600000|  0%| F|  |TAMS 0x00000000c9500000, 0x00000000c9500000| Untracked 
|   6|0x00000000c9600000, 0x00000000c9600000, 0x00000000c9700000|  0%| F|  |TAMS 0x00000000c9600000, 0x00000000c9600000| Untracked 
|   7|0x00000000c9700000, 0x00000000c9700000, 0x00000000c9800000|  0%| F|  |TAMS 0x00000000c9700000, 0x00000000c9700000| Untracked 
|   8|0x00000000c9800000, 0x00000000c9800000, 0x00000000c9900000|  0%| F|  |TAMS 0x00000000c9800000, 0x00000000c9800000| Untracked 
|   9|0x00000000c9900000, 0x00000000c9900000, 0x00000000c9a00000|  0%| F|  |TAMS 0x00000000c9900000, 0x00000000c9900000| Untracked 
|  10|0x00000000c9a00000, 0x00000000c9a00000, 0x00000000c9b00000|  0%| F|  |TAMS 0x00000000c9a00000, 0x00000000c9a00000| Untracked 
|  11|0x00000000c9b00000, 0x00000000c9b00000, 0x00000000c9c00000|  0%| F|  |TAMS 0x00000000c9b00000, 0x00000000c9b00000| Untracked 
|  12|0x00000000c9c00000, 0x00000000c9c00000, 0x00000000c9d00000|  0%| F|  |TAMS 0x00000000c9c00000, 0x00000000c9c00000| Untracked 
|  13|0x00000000c9d00000, 0x00000000c9d00000, 0x00000000c9e00000|  0%| F|  |TAMS 0x00000000c9d00000, 0x00000000c9d00000| Untracked 
|  14|0x00000000c9e00000, 0x00000000c9e00000, 0x00000000c9f00000|  0%| F|  |TAMS 0x00000000c9e00000, 0x00000000c9e00000| Untracked 
|  15|0x00000000c9f00000, 0x00000000c9f00000, 0x00000000ca000000|  0%| F|  |TAMS 0x00000000c9f00000, 0x00000000c9f00000| Untracked 
|  16|0x00000000ca000000, 0x00000000ca000000, 0x00000000ca100000|  0%| F|  |TAMS 0x00000000ca000000, 0x00000000ca000000| Untracked 
|  17|0x00000000ca100000, 0x00000000ca100000, 0x00000000ca200000|  0%| F|  |TAMS 0x00000000ca100000, 0x00000000ca100000| Untracked 
|  18|0x00000000ca200000, 0x00000000ca200000, 0x00000000ca300000|  0%| F|  |TAMS 0x00000000ca200000, 0x00000000ca200000| Untracked 
|  19|0x00000000ca300000, 0x00000000ca300000, 0x00000000ca400000|  0%| F|  |TAMS 0x00000000ca300000, 0x00000000ca300000| Untracked 
|  20|0x00000000ca400000, 0x00000000ca400000, 0x00000000ca500000|  0%| F|  |TAMS 0x00000000ca400000, 0x00000000ca400000| Untracked 
|  21|0x00000000ca500000, 0x00000000ca500000, 0x00000000ca600000|  0%| F|  |TAMS 0x00000000ca500000, 0x00000000ca500000| Untracked 
|  22|0x00000000ca600000, 0x00000000ca600000, 0x00000000ca700000|  0%| F|  |TAMS 0x00000000ca600000, 0x00000000ca600000| Untracked 
|  23|0x00000000ca700000, 0x00000000ca700000, 0x00000000ca800000|  0%| F|  |TAMS 0x00000000ca700000, 0x00000000ca700000| Untracked 
|  24|0x00000000ca800000, 0x00000000ca800000, 0x00000000ca900000|  0%| F|  |TAMS 0x00000000ca800000, 0x00000000ca800000| Untracked 
|  25|0x00000000ca900000, 0x00000000ca900000, 0x00000000caa00000|  0%| F|  |TAMS 0x00000000ca900000, 0x00000000ca900000| Untracked 
|  26|0x00000000caa00000, 0x00000000caa00000, 0x00000000cab00000|  0%| F|  |TAMS 0x00000000caa00000, 0x00000000caa00000| Untracked 
|  27|0x00000000cab00000, 0x00000000cab00000, 0x00000000cac00000|  0%| F|  |TAMS 0x00000000cab00000, 0x00000000cab00000| Untracked 
|  28|0x00000000cac00000, 0x00000000cac00000, 0x00000000cad00000|  0%| F|  |TAMS 0x00000000cac00000, 0x00000000cac00000| Untracked 
|  29|0x00000000cad00000, 0x00000000cad00000, 0x00000000cae00000|  0%| F|  |TAMS 0x00000000cad00000, 0x00000000cad00000| Untracked 
|  30|0x00000000cae00000, 0x00000000cae00000, 0x00000000caf00000|  0%| F|  |TAMS 0x00000000cae00000, 0x00000000cae00000| Untracked 
|  31|0x00000000caf00000, 0x00000000caf00000, 0x00000000cb000000|  0%| F|  |TAMS 0x00000000caf00000, 0x00000000caf00000| Untracked 
|  32|0x00000000cb000000, 0x00000000cb000000, 0x00000000cb100000|  0%| F|  |TAMS 0x00000000cb000000, 0x00000000cb000000| Untracked 
|  33|0x00000000cb100000, 0x00000000cb100000, 0x00000000cb200000|  0%| F|  |TAMS 0x00000000cb100000, 0x00000000cb100000| Untracked 
|  34|0x00000000cb200000, 0x00000000cb200000, 0x00000000cb300000|  0%| F|  |TAMS 0x00000000cb200000, 0x00000000cb200000| Untracked 
|  35|0x00000000cb300000, 0x00000000cb300000, 0x00000000cb400000|  0%| F|  |TAMS 0x00000000cb300000, 0x00000000cb300000| Untracked 
|  36|0x00000000cb400000, 0x00000000cb400000, 0x00000000cb500000|  0%| F|  |TAMS 0x00000000cb400000, 0x00000000cb400000| Untracked 
|  37|0x00000000cb500000, 0x00000000cb500000, 0x00000000cb600000|  0%| F|  |TAMS 0x00000000cb500000, 0x00000000cb500000| Untracked 
|  38|0x00000000cb600000, 0x00000000cb600000, 0x00000000cb700000|  0%| F|  |TAMS 0x00000000cb600000, 0x00000000cb600000| Untracked 
|  39|0x00000000cb700000, 0x00000000cb700000, 0x00000000cb800000|  0%| F|  |TAMS 0x00000000cb700000, 0x00000000cb700000| Untracked 
|  40|0x00000000cb800000, 0x00000000cb800000, 0x00000000cb900000|  0%| F|  |TAMS 0x00000000cb800000, 0x00000000cb800000| Untracked 
|  41|0x00000000cb900000, 0x00000000cb900000, 0x00000000cba00000|  0%| F|  |TAMS 0x00000000cb900000, 0x00000000cb900000| Untracked 
|  42|0x00000000cba00000, 0x00000000cba00000, 0x00000000cbb00000|  0%| F|  |TAMS 0x00000000cba00000, 0x00000000cba00000| Untracked 
|  43|0x00000000cbb00000, 0x00000000cbb00000, 0x00000000cbc00000|  0%| F|  |TAMS 0x00000000cbb00000, 0x00000000cbb00000| Untracked 
|  44|0x00000000cbc00000, 0x00000000cbc00000, 0x00000000cbd00000|  0%| F|  |TAMS 0x00000000cbc00000, 0x00000000cbc00000| Untracked 
|  45|0x00000000cbd00000, 0x00000000cbd00000, 0x00000000cbe00000|  0%| F|  |TAMS 0x00000000cbd00000, 0x00000000cbd00000| Untracked 
|  46|0x00000000cbe00000, 0x00000000cbe00000, 0x00000000cbf00000|  0%| F|  |TAMS 0x00000000cbe00000, 0x00000000cbe00000| Untracked 
|  47|0x00000000cbf00000, 0x00000000cbf00000, 0x00000000cc000000|  0%| F|  |TAMS 0x00000000cbf00000, 0x00000000cbf00000| Untracked 
|  48|0x00000000cc000000, 0x00000000cc085c38, 0x00000000cc100000| 52%| E|  |TAMS 0x00000000cc000000, 0x00000000cc000000| Complete 
|  49|0x00000000cc100000, 0x00000000cc200000, 0x00000000cc200000|100%| E|CS|TAMS 0x00000000cc100000, 0x00000000cc100000| Complete 
|  50|0x00000000cc200000, 0x00000000cc300000, 0x00000000cc300000|100%| E|CS|TAMS 0x00000000cc200000, 0x00000000cc200000| Complete 
|  51|0x00000000cc300000, 0x00000000cc400000, 0x00000000cc400000|100%| E|CS|TAMS 0x00000000cc300000, 0x00000000cc300000| Complete 
|  52|0x00000000cc400000, 0x00000000cc500000, 0x00000000cc500000|100%| E|CS|TAMS 0x00000000cc400000, 0x00000000cc400000| Complete 
|  53|0x00000000cc500000, 0x00000000cc600000, 0x00000000cc600000|100%| E|CS|TAMS 0x00000000cc500000, 0x00000000cc500000| Complete 
|  54|0x00000000cc600000, 0x00000000cc700000, 0x00000000cc700000|100%| E|CS|TAMS 0x00000000cc600000, 0x00000000cc600000| Complete 
|  55|0x00000000cc700000, 0x00000000cc800000, 0x00000000cc800000|100%| E|CS|TAMS 0x00000000cc700000, 0x00000000cc700000| Complete 

Card table byte_map: [0x0000017f75d10000,0x0000017f75ed0000] _byte_map_base: 0x0000017f756c8000

Marking Bits (Prev, Next): (CMBitMap*) 0x0000017f6c4de4a0, (CMBitMap*) 0x0000017f6c4de4e0
 Prev Bits: [0x0000017f76090000, 0x0000017f76e50000)
 Next Bits: [0x0000017f76e50000, 0x0000017f77c10000)

Polling page: 0x0000017f6c580000

Metaspace:

Usage:
  Non-class:      7.50 MB used.
      Class:    988.28 KB used.
       Both:      8.47 MB used.

Virtual space:
  Non-class space:       16.00 MB reserved,       7.56 MB ( 47%) committed,  2 nodes.
      Class space:        1.00 GB reserved,       1.00 MB ( <1%) committed,  1 nodes.
             Both:        1.02 GB reserved,       8.56 MB ( <1%) committed. 

Chunk freelists:
   Non-Class:  3.95 MB
       Class:  3.00 MB
        Both:  6.95 MB

MaxMetaspaceSize: unlimited
CompressedClassSpaceSize: 1.00 GB
Initial GC threshold: 21.00 MB
Current GC threshold: 21.00 MB
CDS: on
MetaspaceReclaimPolicy: balanced
 - commit_granule_bytes: 65536.
 - commit_granule_words: 8192.
 - virtual_space_node_default_size: 1048576.
 - enlarge_chunks_in_place: 1.
 - new_chunks_are_fully_committed: 0.
 - uncommit_free_chunks: 1.
 - use_allocation_guard: 0.
 - handle_deallocations: 1.


Internal statistics:

num_allocs_failed_limit: 0.
num_arena_births: 112.
num_arena_deaths: 0.
num_vsnodes_births: 3.
num_vsnodes_deaths: 0.
num_space_committed: 137.
num_space_uncommitted: 0.
num_chunks_returned_to_freelist: 0.
num_chunks_taken_from_freelist: 173.
num_chunk_merges: 0.
num_chunk_splits: 90.
num_chunks_enlarged: 25.
num_purges: 0.
num_inconsistent_stats: 0.

CodeHeap 'non-profiled nmethods': size=120000Kb used=287Kb max_used=287Kb free=119712Kb
 bounds [0x0000017f07ad0000, 0x0000017f07d40000, 0x0000017f0f000000]
CodeHeap 'profiled nmethods': size=120000Kb used=1644Kb max_used=1644Kb free=118355Kb
 bounds [0x0000017f00000000, 0x0000017f00270000, 0x0000017f07530000]
CodeHeap 'non-nmethods': size=5760Kb used=1267Kb max_used=1282Kb free=4492Kb
 bounds [0x0000017f07530000, 0x0000017f077a0000, 0x0000017f07ad0000]
 total_blobs=1680 nmethods=1086 adapters=507
 compilation: enabled
              stopped_count=0, restarted_count=0
 full_count=0

Compilation events (20 events):
Event: 11.595 Thread 0x0000017f7a1bbf40 1075       3       java.security.AccessController::doPrivileged (9 bytes)
Event: 11.596 Thread 0x0000017f7a1bbf40 nmethod 1075 0x0000017f00193490 code [0x0000017f00193660, 0x0000017f00193998]
Event: 11.597 Thread 0x0000017f7a1bbf40 1076 %     3       java.util.Properties$LineReader::readLine @ 224 (584 bytes)
Event: 11.601 Thread 0x0000017f7a1bbf40 nmethod 1076% 0x0000017f00193b10 code [0x0000017f00193ec0, 0x0000017f00196998]
Event: 11.603 Thread 0x0000017f7a1bbf40 1077       3       java.lang.Float::isNaN (12 bytes)
Event: 11.603 Thread 0x0000017f7a1bbf40 nmethod 1077 0x0000017f00197610 code [0x0000017f001977a0, 0x0000017f00197918]
Event: 11.605 Thread 0x0000017f7a150f00 1079       4       jdk.internal.org.objectweb.asm.ByteVector::putShort (52 bytes)
Event: 11.606 Thread 0x0000017f7a150f00 nmethod 1079 0x0000017f07b17390 code [0x0000017f07b17500, 0x0000017f07b17638]
Event: 11.612 Thread 0x0000017f7a1bbf40 1080       3       java.lang.invoke.MethodType$ConcurrentWeakInternSet::get (47 bytes)
Event: 11.613 Thread 0x0000017f7a1bbf40 nmethod 1080 0x0000017f00197990 code [0x0000017f00197bc0, 0x0000017f00198558]
Event: 11.614 Thread 0x0000017f7a1bbf40 1081       1       java.nio.DirectByteBuffer::isReadOnly (2 bytes)
Event: 11.614 Thread 0x0000017f7a1bbf40 nmethod 1081 0x0000017f07b17790 code [0x0000017f07b17920, 0x0000017f07b179f8]
Event: 11.619 Thread 0x0000017f7a1bbf40 1083       3       jdk.internal.org.objectweb.asm.Type::getTypeInternal (199 bytes)
Event: 11.621 Thread 0x0000017f7a1bbf40 nmethod 1083 0x0000017f00198890 code [0x0000017f00198b40, 0x0000017f00199a08]
Event: 11.621 Thread 0x0000017f7a1bbf40 1084       3       java.lang.invoke.DirectMethodHandle::preparedLambdaForm (31 bytes)
Event: 11.621 Thread 0x0000017f7a1bbf40 nmethod 1084 0x0000017f00199e10 code [0x0000017f0019a000, 0x0000017f0019a4a8]
Event: 11.624 Thread 0x0000017f7a1bbf40 1085       3       sun.invoke.util.BytecodeDescriptor::unparse (24 bytes)
Event: 11.625 Thread 0x0000017f7a1bbf40 nmethod 1085 0x0000017f0019a690 code [0x0000017f0019a840, 0x0000017f0019aa48]
Event: 11.625 Thread 0x0000017f7a1bbf40 1086       3       java.lang.ref.PhantomReference::<init> (7 bytes)
Event: 11.625 Thread 0x0000017f7a1bbf40 nmethod 1086 0x0000017f0019ab10 code [0x0000017f0019acc0, 0x0000017f0019af98]

GC Heap History (0 events):
No events

Deoptimization events (20 events):
Event: 0.448 Thread 0x0000017f6c36e9e0 DEOPT PACKING pc=0x0000017f07add7f8 sp=0x0000005e635feda0
Event: 0.448 Thread 0x0000017f6c36e9e0 DEOPT UNPACKING pc=0x0000017f075823a3 sp=0x0000005e635fed48 mode 2
Event: 5.268 Thread 0x0000017f7aef6050 Uncommon trap: trap_request=0xffffffde fr.pc=0x0000017f07ade528 relative=0x00000000000001a8
Event: 5.268 Thread 0x0000017f7aef6050 Uncommon trap: reason=class_check action=maybe_recompile pc=0x0000017f07ade528 method=java.lang.String.equals(Ljava/lang/Object;)Z @ 8 c2
Event: 5.268 Thread 0x0000017f7aef6050 DEOPT PACKING pc=0x0000017f07ade528 sp=0x0000005e64bfdf80
Event: 5.268 Thread 0x0000017f7aef6050 DEOPT UNPACKING pc=0x0000017f075823a3 sp=0x0000005e64bfdf28 mode 2
Event: 5.268 Thread 0x0000017f7aef6050 Uncommon trap: trap_request=0xffffffde fr.pc=0x0000017f07ade528 relative=0x00000000000001a8
Event: 5.268 Thread 0x0000017f7aef6050 Uncommon trap: reason=class_check action=maybe_recompile pc=0x0000017f07ade528 method=java.lang.String.equals(Ljava/lang/Object;)Z @ 8 c2
Event: 5.268 Thread 0x0000017f7aef6050 DEOPT PACKING pc=0x0000017f07ade528 sp=0x0000005e64bfdf80
Event: 5.268 Thread 0x0000017f7aef6050 DEOPT UNPACKING pc=0x0000017f075823a3 sp=0x0000005e64bfdf28 mode 2
Event: 5.366 Thread 0x0000017f7aef6050 Uncommon trap: trap_request=0xffffffde fr.pc=0x0000017f07ade528 relative=0x00000000000001a8
Event: 5.366 Thread 0x0000017f7aef6050 Uncommon trap: reason=class_check action=maybe_recompile pc=0x0000017f07ade528 method=java.lang.String.equals(Ljava/lang/Object;)Z @ 8 c2
Event: 5.366 Thread 0x0000017f7aef6050 DEOPT PACKING pc=0x0000017f07ade528 sp=0x0000005e64bfdf80
Event: 5.366 Thread 0x0000017f7aef6050 DEOPT UNPACKING pc=0x0000017f075823a3 sp=0x0000005e64bfdf28 mode 2
Event: 5.366 Thread 0x0000017f7aef6050 Uncommon trap: trap_request=0xffffffde fr.pc=0x0000017f07ade528 relative=0x00000000000001a8
Event: 5.366 Thread 0x0000017f7aef6050 Uncommon trap: reason=class_check action=maybe_recompile pc=0x0000017f07ade528 method=java.lang.String.equals(Ljava/lang/Object;)Z @ 8 c2
Event: 5.366 Thread 0x0000017f7aef6050 DEOPT PACKING pc=0x0000017f07ade528 sp=0x0000005e64bfdf80
Event: 5.366 Thread 0x0000017f7aef6050 DEOPT UNPACKING pc=0x0000017f075823a3 sp=0x0000005e64bfdf28 mode 2
Event: 11.553 Thread 0x0000017f7aef6050 DEOPT PACKING pc=0x0000017f0001c467 sp=0x0000005e64bfd100
Event: 11.553 Thread 0x0000017f7aef6050 DEOPT UNPACKING pc=0x0000017f07582b43 sp=0x0000005e64bfc520 mode 0

Classes unloaded (0 events):
No events

Classes redefined (0 events):
No events

Internal exceptions (20 events):
Event: 0.366 Thread 0x0000017f6c36e9e0 Exception <a 'sun/nio/fs/WindowsException'{0x00000000cc630818}> (0x00000000cc630818) 
thrown [s\open\src\hotspot\share\prims\jni.cpp, line 516]
Event: 0.367 Thread 0x0000017f6c36e9e0 Exception <a 'sun/nio/fs/WindowsException'{0x00000000cc630d48}> (0x00000000cc630d48) 
thrown [s\open\src\hotspot\share\prims\jni.cpp, line 516]
Event: 0.382 Thread 0x0000017f6c36e9e0 Exception <a 'sun/nio/fs/WindowsException'{0x00000000cc633040}> (0x00000000cc633040) 
thrown [s\open\src\hotspot\share\prims\jni.cpp, line 516]
Event: 0.384 Thread 0x0000017f6c36e9e0 Exception <a 'sun/nio/fs/WindowsException'{0x00000000cc633ad0}> (0x00000000cc633ad0) 
thrown [s\open\src\hotspot\share\prims\jni.cpp, line 516]
Event: 0.385 Thread 0x0000017f6c36e9e0 Exception <a 'sun/nio/fs/WindowsException'{0x00000000cc634598}> (0x00000000cc634598) 
thrown [s\open\src\hotspot\share\prims\jni.cpp, line 516]
Event: 0.385 Thread 0x0000017f6c36e9e0 Exception <a 'sun/nio/fs/WindowsException'{0x00000000cc635058}> (0x00000000cc635058) 
thrown [s\open\src\hotspot\share\prims\jni.cpp, line 516]
Event: 0.387 Thread 0x0000017f6c36e9e0 Exception <a 'sun/nio/fs/WindowsException'{0x00000000cc635ad0}> (0x00000000cc635ad0) 
thrown [s\open\src\hotspot\share\prims\jni.cpp, line 516]
Event: 0.510 Thread 0x0000017f6c36e9e0 Exception <a 'java/lang/ClassNotFoundException'{0x00000000cc6cc0f0}: sun/awt/resources/spi/awtProvider> (0x00000000cc6cc0f0) 
thrown [s\open\src\hotspot\share\classfile\systemDictionary.cpp, line 256]
Event: 0.616 Thread 0x0000017f6c36e9e0 Exception <a 'java/io/FileNotFoundException'{0x00000000cc5216b8}> (0x00000000cc5216b8) 
thrown [s\open\src\hotspot\share\prims\jni.cpp, line 516]
Event: 0.657 Thread 0x0000017f6c36e9e0 Exception <a 'java/io/FileNotFoundException'{0x00000000cc54e8b8}> (0x00000000cc54e8b8) 
thrown [s\open\src\hotspot\share\prims\jni.cpp, line 516]
Event: 0.847 Thread 0x0000017f6c36e9e0 Exception <a 'java/lang/NoSuchMethodError'{0x00000000cc5a0160}: 'java.lang.Object java.lang.invoke.DirectMethodHandle$Holder.invokeStaticInit(java.lang.Object)'> (0x00000000cc5a0160) 
thrown [s\open\src\hotspot\share\interpreter\linkResolver.cpp, line 759]
Event: 0.928 Thread 0x0000017f6c36e9e0 Exception <a 'java/lang/NoSuchMethodError'{0x00000000cc404c08}: 'void java.lang.invoke.DirectMethodHandle$Holder.invokeSpecial(java.lang.Object, java.lang.Object, java.lang.Object)'> (0x00000000cc404c08) 
thrown [s\open\src\hotspot\share\interpreter\linkResolver.cpp, line 759]
Event: 0.952 Thread 0x0000017f6c36e9e0 Exception <a 'java/lang/NoSuchMethodError'{0x00000000cc42ecd0}: 'java.lang.Object java.lang.invoke.DirectMethodHandle$Holder.newInvokeSpecial(java.lang.Object, java.lang.Object, java.lang.Object, java.lang.Object, java.lang.Object)'> (0x00000000cc42ecd0) 
thrown [s\open\src\hotspot\share\interpreter\linkResolver.cpp, line 759]
Event: 0.955 Thread 0x0000017f6c36e9e0 Exception <a 'java/lang/NoSuchMethodError'{0x00000000cc43a698}: 'java.lang.Object java.lang.invoke.DirectMethodHandle$Holder.invokeStatic(java.lang.Object, int, java.lang.Object, java.lang.Object, java.lang.Object, java.lang.Object)'> (0x00000000cc43a698) 
thrown [s\open\src\hotspot\share\interpreter\linkResolver.cpp, line 759]
Event: 0.969 Thread 0x0000017f6c36e9e0 Exception <a 'java/lang/NoSuchMethodError'{0x00000000cc4601a0}: 'java.lang.Object java.lang.invoke.DirectMethodHandle$Holder.invokeStatic(java.lang.Object, int, java.lang.Object)'> (0x00000000cc4601a0) 
thrown [s\open\src\hotspot\share\interpreter\linkResolver.cpp, line 759]
Event: 1.354 Thread 0x0000017f6c36e9e0 Exception <a 'java/lang/ClassNotFoundException'{0x00000000cc32f0d8}: com/sun/swing/internal/plaf/metal/resources/spi/metalProvider> (0x00000000cc32f0d8) 
thrown [s\open\src\hotspot\share\classfile\systemDictionary.cpp, line 256]
Event: 1.357 Thread 0x0000017f6c36e9e0 Exception <a 'java/lang/ClassNotFoundException'{0x00000000cc332ce8}: com/sun/swing/internal/plaf/basic/resources/spi/basicProvider> (0x00000000cc332ce8) 
thrown [s\open\src\hotspot\share\classfile\systemDictionary.cpp, line 256]
Event: 2.086 Thread 0x0000017f7ae4f0f0 Exception <a 'java/lang/NoSuchMethodError'{0x00000000cc5e5508}: 'void java.lang.invoke.DirectMethodHandle$Holder.invokeVirtual(java.lang.Object, java.lang.Object)'> (0x00000000cc5e5508) 
thrown [s\open\src\hotspot\share\interpreter\linkResolver.cpp, line 759]
Event: 2.229 Thread 0x0000017f6c36e9e0 Exception <a 'java/lang/NoSuchMethodError'{0x00000000cc228778}: 'void java.lang.invoke.DirectMethodHandle$Holder.invokeStaticInit(java.lang.Object)'> (0x00000000cc228778) 
thrown [s\open\src\hotspot\share\interpreter\linkResolver.cpp, line 759]
Event: 11.604 Thread 0x0000017f7aef6050 Exception <a 'java/lang/NoSuchMethodError'{0x00000000cc03e718}: 'void java.lang.invoke.DirectMethodHandle$Holder.invokeStatic(java.lang.Object, java.lang.Object)'> (0x00000000cc03e718) 
thrown [s\open\src\hotspot\share\interpreter\linkResolver.cpp, line 759]

VM Operations (20 events):
Event: 2.328 Executing VM operation: HandshakeAllThreads
Event: 2.328 Executing VM operation: HandshakeAllThreads done
Event: 3.138 Executing VM operation: HandshakeAllThreads
Event: 3.138 Executing VM operation: HandshakeAllThreads done
Event: 3.138 Executing VM operation: Cleanup
Event: 3.138 Executing VM operation: Cleanup done
Event: 6.161 Executing VM operation: Cleanup
Event: 6.161 Executing VM operation: Cleanup done
Event: 7.166 Executing VM operation: Cleanup
Event: 7.166 Executing VM operation: Cleanup done
Event: 8.166 Executing VM operation: Cleanup
Event: 8.167 Executing VM operation: Cleanup done
Event: 9.169 Executing VM operation: Cleanup
Event: 9.169 Executing VM operation: Cleanup done
Event: 10.180 Executing VM operation: Cleanup
Event: 10.181 Executing VM operation: Cleanup done
Event: 11.184 Executing VM operation: Cleanup
Event: 11.184 Executing VM operation: Cleanup done
Event: 11.560 Executing VM operation: HandshakeAllThreads
Event: 11.560 Executing VM operation: HandshakeAllThreads done

Events (20 events):
Event: 11.622 loading class java/io/ObjectInputStream$PeekInputStream done
Event: 11.622 loading class java/io/ObjectInputStream$HandleTable
Event: 11.622 loading class java/io/ObjectInputStream$HandleTable done
Event: 11.622 loading class java/io/ObjectInputStream$HandleTable$HandleList
Event: 11.623 loading class java/io/ObjectInputStream$HandleTable$HandleList done
Event: 11.623 loading class java/io/ObjectInputStream$ValidationList
Event: 11.623 loading class java/io/ObjectInputStream$ValidationList done
Event: 11.623 loading class java/io/ObjectInputFilter$Config
Event: 11.623 loading class java/io/ObjectInputFilter$Config done
Event: 11.624 loading class java/io/ObjectInputFilter
Event: 11.624 loading class java/io/ObjectInputFilter done
Event: 11.625 loading class java/io/ObjectInputFilter$Config$BuiltinFilterFactory
Event: 11.626 loading class java/io/ObjectInputFilter$Config$BuiltinFilterFactory done
Event: 11.626 loading class jdk/internal/access/JavaObjectInputFilterAccess
Event: 11.626 loading class jdk/internal/access/JavaObjectInputFilterAccess done
Event: 11.626 loading class java/lang/invoke/MethodHandle$1
Event: 11.626 loading class java/lang/invoke/MethodHandle$1 done
Event: 11.643 loading class java/lang/UnsupportedOperationException
Event: 11.643 loading class java/lang/UnsupportedOperationException done
Event: 11.647 loading class java/io/ObjectStreamClass


Dynamic libraries:
0x00007ff7be6e0000 - 0x00007ff7be6f0000 	C:\Program Files\Java\jdk-17\bin\java.exe
0x00007fff98290000 - 0x00007fff98488000 	C:\Windows\SYSTEM32\ntdll.dll
0x00007fff97b90000 - 0x00007fff97c52000 	C:\Windows\System32\KERNEL32.DLL
0x00007fff95a80000 - 0x00007fff95d76000 	C:\Windows\System32\KERNELBASE.dll
0x00007fff96130000 - 0x00007fff96230000 	C:\Windows\System32\ucrtbase.dll
0x00007fff8a490000 - 0x00007fff8a4a8000 	C:\Program Files\Java\jdk-17\bin\jli.dll
0x00007fff962b0000 - 0x00007fff96361000 	C:\Windows\System32\ADVAPI32.dll
0x00007fff96810000 - 0x00007fff968ae000 	C:\Windows\System32\msvcrt.dll
0x00007fff977b0000 - 0x00007fff9784f000 	C:\Windows\System32\sechost.dll
0x00007fff974e0000 - 0x00007fff97600000 	C:\Windows\System32\RPCRT4.dll
0x00007fff95eb0000 - 0x00007fff95ed7000 	C:\Windows\System32\bcrypt.dll
0x00007fff8e740000 - 0x00007fff8e75b000 	C:\Program Files\Java\jdk-17\bin\VCRUNTIME140.dll
0x00007fff97600000 - 0x00007fff977a1000 	C:\Windows\System32\USER32.dll
0x00007fff95ee0000 - 0x00007fff95f02000 	C:\Windows\System32\win32u.dll
0x00007fff97080000 - 0x00007fff970ab000 	C:\Windows\System32\GDI32.dll
0x00007fff95f10000 - 0x00007fff96029000 	C:\Windows\System32\gdi32full.dll
0x00007fff95e10000 - 0x00007fff95ead000 	C:\Windows\System32\msvcp_win.dll
0x00007fff8e130000 - 0x00007fff8e13a000 	C:\Windows\SYSTEM32\VERSION.dll
0x00007fff82150000 - 0x00007fff823eb000 	C:\Windows\WinSxS\amd64_microsoft.windows.common-controls_6595b64144ccf1df_6.0.19041.6456_none_60b8a6cb71f64256\COMCTL32.dll
0x00007fff96460000 - 0x00007fff9648f000 	C:\Windows\System32\IMM32.DLL
0x00007fff90210000 - 0x00007fff9021c000 	C:\Program Files\Java\jdk-17\bin\vcruntime140_1.dll
0x00007fff5c640000 - 0x00007fff5c6ce000 	C:\Program Files\Java\jdk-17\bin\msvcp140.dll
0x00007fff392c0000 - 0x00007fff39e97000 	C:\Program Files\Java\jdk-17\bin\server\jvm.dll
0x00007fff97850000 - 0x00007fff97858000 	C:\Windows\System32\PSAPI.DLL
0x00007fff829c0000 - 0x00007fff829e7000 	C:\Windows\SYSTEM32\WINMM.dll
0x00007fff82c40000 - 0x00007fff82c49000 	C:\Windows\SYSTEM32\WSOCK32.dll
0x00007fff981e0000 - 0x00007fff9824b000 	C:\Windows\System32\WS2_32.dll
0x00007fff93970000 - 0x00007fff93982000 	C:\Windows\SYSTEM32\kernel.appcore.dll
0x00007fff8ee70000 - 0x00007fff8ee7a000 	C:\Program Files\Java\jdk-17\bin\jimage.dll
0x00007fff934d0000 - 0x00007fff936d1000 	C:\Windows\SYSTEM32\DBGHELP.DLL
0x00007fff7f240000 - 0x00007fff7f274000 	C:\Windows\SYSTEM32\dbgcore.DLL
0x00007fff95d80000 - 0x00007fff95e02000 	C:\Windows\System32\bcryptPrimitives.dll
0x00007fff89400000 - 0x00007fff89425000 	C:\Program Files\Java\jdk-17\bin\java.dll
0x00007fff43480000 - 0x00007fff43557000 	C:\Program Files\Java\jdk-17\bin\jsvml.dll
0x00007fff96910000 - 0x00007fff97080000 	C:\Windows\System32\SHELL32.dll
0x00007fff93990000 - 0x00007fff94135000 	C:\Windows\SYSTEM32\windows.storage.dll
0x00007fff970b0000 - 0x00007fff97404000 	C:\Windows\System32\combase.dll
0x00007fff95350000 - 0x00007fff9537b000 	C:\Windows\SYSTEM32\Wldp.dll
0x00007fff97a10000 - 0x00007fff97add000 	C:\Windows\System32\OLEAUT32.dll
0x00007fff98130000 - 0x00007fff981dd000 	C:\Windows\System32\SHCORE.dll
0x00007fff97c60000 - 0x00007fff97cbb000 	C:\Windows\System32\shlwapi.dll
0x00007fff95850000 - 0x00007fff95874000 	C:\Windows\SYSTEM32\profapi.dll
0x00007fff8a440000 - 0x00007fff8a459000 	C:\Program Files\Java\jdk-17\bin\net.dll
0x00007fff8bb00000 - 0x00007fff8bc0a000 	C:\Windows\SYSTEM32\WINHTTP.dll
0x00007fff950b0000 - 0x00007fff9511a000 	C:\Windows\system32\mswsock.dll
0x00007fff88830000 - 0x00007fff88846000 	C:\Program Files\Java\jdk-17\bin\nio.dll
0x00007fff42340000 - 0x00007fff424d1000 	C:\Program Files\Java\jdk-17\bin\awt.dll
0x00007fff90150000 - 0x00007fff901e4000 	C:\Windows\SYSTEM32\apphelp.dll
0x00007fff924e0000 - 0x00007fff9257e000 	C:\Windows\system32\uxtheme.dll
0x00007fff96650000 - 0x00007fff96765000 	C:\Windows\System32\MSCTF.dll
0x00007fff96520000 - 0x00007fff9664b000 	C:\Windows\System32\ole32.dll
0x00007fff93270000 - 0x00007fff9329e000 	C:\Windows\system32\DWMAPI.DLL
0x00007fff42210000 - 0x00007fff42338000 	C:\Windows\system32\opengl32.dll
0x00007fff86af0000 - 0x00007fff86b1c000 	C:\Windows\SYSTEM32\GLU32.dll
0x00007fff45e70000 - 0x00007fff45ef6000 	C:\Program Files\Java\jdk-17\bin\freetype.dll
0x00007fff42ac0000 - 0x00007fff42b85000 	C:\Program Files\Java\jdk-17\bin\fontmanager.dll
0x00007fff97ae0000 - 0x00007fff97b89000 	C:\Windows\System32\clbcatq.dll
0x00007fff8d970000 - 0x00007fff8db26000 	C:\Windows\SYSTEM32\WindowsCodecs.dll
0x00007fff87940000 - 0x00007fff8797e000 	C:\Windows\system32\dataexchange.dll
0x00007fff8f030000 - 0x00007fff8f294000 	C:\Windows\system32\d3d11.dll
0x00007fff8f7c0000 - 0x00007fff8f9a4000 	C:\Windows\system32\dcomp.dll
0x00007fff941a0000 - 0x00007fff94296000 	C:\Windows\system32\dxgi.dll
0x00007fff8d3a0000 - 0x00007fff8d5a3000 	C:\Windows\system32\twinapi.appcore.dll
0x00007fff869b0000 - 0x00007fff86aa9000 	C:\Windows\SYSTEM32\textinputframework.dll
0x00007fff8f9b0000 - 0x00007fff8fd0b000 	C:\Windows\System32\CoreUIComponents.dll
0x00007fff91160000 - 0x00007fff91252000 	C:\Windows\System32\CoreMessaging.dll
0x00007fff94bb0000 - 0x00007fff94be3000 	C:\Windows\SYSTEM32\ntmarta.dll
0x00007fff91850000 - 0x00007fff919a7000 	C:\Windows\SYSTEM32\wintypes.dll
0x00007fff94d80000 - 0x00007fff94e4a000 	C:\Windows\SYSTEM32\DNSAPI.dll
0x00007fff94d40000 - 0x00007fff94d7b000 	C:\Windows\SYSTEM32\IPHLPAPI.DLL
0x00007fff96450000 - 0x00007fff96458000 	C:\Windows\System32\NSI.dll
0x00007fff8f620000 - 0x00007fff8f62a000 	C:\Windows\System32\rasadhlp.dll
0x00007fff83dd0000 - 0x00007fff83e50000 	C:\Windows\System32\fwpuclnt.dll

dbghelp: loaded successfully - version: 4.0.5 - missing functions: none
symbol engine: initialized successfully - sym options: 0x614 - pdb path: .;C:\Program Files\Java\jdk-17\bin;C:\Windows\SYSTEM32;C:\Windows\WinSxS\amd64_microsoft.windows.common-controls_6595b64144ccf1df_6.0.19041.6456_none_60b8a6cb71f64256;C:\Program Files\Java\jdk-17\bin\server

VM Arguments:
jvm_args: -Dfile.encoding=UTF-8 --module-path=C:\xampp\htdocs\softveri\2019zadatak1\PSProjectClient\build\classes 
java_command: main.Main
java_class_path (initial): C:\xampp\htdocs\softveri\2019zadatak1\PSProjectCommon\build\classes;C:\xampp\htdocs\softveri\2019zadatak1\PSProjectClient\build\classes
Launcher Type: SUN_STANDARD

[Global flags]
     intx CICompilerCount                          = 3                                         {product} {ergonomic}
     uint ConcGCThreads                            = 1                                         {product} {ergonomic}
     uint G1ConcRefinementThreads                  = 4                                         {product} {ergonomic}
   size_t G1HeapRegionSize                         = 1048576                                   {product} {ergonomic}
    uintx GCDrainStackTargetSize                   = 64                                        {product} {ergonomic}
   size_t InitialHeapSize                          = 58720256                                  {product} {ergonomic}
   size_t MarkStackSize                            = 4194304                                   {product} {ergonomic}
   size_t MaxHeapSize                              = 922746880                                 {product} {ergonomic}
   size_t MaxNewSize                               = 553648128                                 {product} {ergonomic}
   size_t MinHeapDeltaBytes                        = 1048576                                   {product} {ergonomic}
   size_t MinHeapSize                              = 8388608                                   {product} {ergonomic}
    uintx NonNMethodCodeHeapSize                   = 5832780                                {pd product} {ergonomic}
    uintx NonProfiledCodeHeapSize                  = 122912730                              {pd product} {ergonomic}
    uintx ProfiledCodeHeapSize                     = 122912730                              {pd product} {ergonomic}
    uintx ReservedCodeCacheSize                    = 251658240                              {pd product} {ergonomic}
     bool SegmentedCodeCache                       = true                                      {product} {ergonomic}
   size_t SoftMaxHeapSize                          = 922746880                              {manageable} {ergonomic}
     bool UseCompressedClassPointers               = true                           {product lp64_product} {ergonomic}
     bool UseCompressedOops                        = true                           {product lp64_product} {ergonomic}
     bool UseG1GC                                  = true                                      {product} {ergonomic}
     bool UseLargePagesIndividualAllocation        = false                                  {pd product} {ergonomic}

Logging:
Log output configuration:
 #0: stdout all=warning uptime,level,tags
 #1: stderr all=off uptime,level,tags

Environment Variables:
PATH=C:\Program Files\Common Files\Oracle\Java\javapath;C:\Program Files (x86)\Common Files\Oracle\Java\javapath;C:\Windows\system32;C:\Windows;C:\Windows\System32\Wbem;C:\Windows\System32\WindowsPowerShell\v1.0\;C:\Windows\System32\OpenSSH\;C:\Program Files\MATLAB\R2019b\bin;C:\Program Files\Git\cmd;C:\Program Files\dotnet\;C:\Program Files\nodejs\;C:\Program Files\MySQL\MySQL Shell 8.0\bin\;C:\Users\Lenovo\AppData\Local\Microsoft\WindowsApps;;C:\Users\Lenovo\AppData\Local\Programs\Microsoft VS Code\bin;C:\Users\Lenovo\.dotnet\tools;C:\Users\Lenovo\AppData\Roaming\npm;C:\xampp\php;C:\Users\Lenovo\composer;C:\Users\Lenovo\AppData\Roaming\Composer\vendor\bin
USERNAME=Lenovo
OS=Windows_NT
PROCESSOR_IDENTIFIER=Intel64 Family 6 Model 142 Stepping 10, GenuineIntel



---------------  S Y S T E M  ---------------

OS:
 Windows 10 , 64 bit Build 19041 (10.0.19041.5915)
OS uptime: 80 days 15:14 hours

CPU: total 4 (initial active 4) (2 cores per cpu, 2 threads per core) family 6 model 142 stepping 10 microcode 0xb4, cx8, cmov, fxsr, ht, mmx, 3dnowpref, sse, sse2, sse3, ssse3, sse4.1, sse4.2, popcnt, lzcnt, tsc, tscinvbit, avx, avx2, aes, erms, clmul, bmi1, bmi2, adx, fma, vzeroupper, clflush, clflushopt

Memory: 4k page, system-wide physical 3519M (191M free)
TotalPageFile size 14271M (AvailPageFile size 0M)
current process WorkingSet (physical memory assigned to process): 61M, peak: 61M
current process commit charge ("private bytes"): 142M, peak: 142M

vm_info: Java HotSpot(TM) 64-Bit Server VM (17.0.6+9-LTS-190) for windows-amd64 JRE (17.0.6+9-LTS-190), built on Dec  6 2022 15:53:54 by "mach5one" with MS VC++ 17.1 (VS2022)

END.
